mode: atomic
github.com/fugue-labs/golem/internal/config/config.go:99.44,101.2 1 6
github.com/fugue-labs/golem/internal/config/config.go:108.30,110.16 2 4
github.com/fugue-labs/golem/internal/config/config.go:110.16,112.3 1 0
github.com/fugue-labs/golem/internal/config/config.go:114.2,119.66 3 4
github.com/fugue-labs/golem/internal/config/config.go:119.66,123.3 2 4
github.com/fugue-labs/golem/internal/config/config.go:123.8,123.48 1 0
github.com/fugue-labs/golem/internal/config/config.go:123.48,127.22 3 0
github.com/fugue-labs/golem/internal/config/config.go:128.18,130.93 2 0
github.com/fugue-labs/golem/internal/config/config.go:130.93,132.5 1 0
github.com/fugue-labs/golem/internal/config/config.go:133.17,134.33 1 0
github.com/fugue-labs/golem/internal/config/config.go:135.20,136.36 1 0
github.com/fugue-labs/golem/internal/config/config.go:137.14,138.43 1 0
github.com/fugue-labs/golem/internal/config/config.go:139.11,140.40 1 0
github.com/fugue-labs/golem/internal/config/config.go:142.8,145.3 1 0
github.com/fugue-labs/golem/internal/config/config.go:149.2,149.22 1 4
github.com/fugue-labs/golem/internal/config/config.go:150.25,154.17 4 1
github.com/fugue-labs/golem/internal/config/config.go:154.17,156.4 1 0
github.com/fugue-labs/golem/internal/config/config.go:157.3,158.32 2 1
github.com/fugue-labs/golem/internal/config/config.go:160.22,161.30 1 2
github.com/fugue-labs/golem/internal/config/config.go:161.30,165.24 2 2
github.com/fugue-labs/golem/internal/config/config.go:165.24,166.94 1 1
github.com/fugue-labs/golem/internal/config/config.go:166.94,168.6 1 1
github.com/fugue-labs/golem/internal/config/config.go:171.3,175.32 5 2
github.com/fugue-labs/golem/internal/config/config.go:177.32,182.32 5 1
github.com/fugue-labs/golem/internal/config/config.go:184.24,189.17 5 0
github.com/fugue-labs/golem/internal/config/config.go:189.17,191.4 1 0
github.com/fugue-labs/golem/internal/config/config.go:192.3,193.32 2 0
github.com/fugue-labs/golem/internal/config/config.go:195.31,200.17 5 0
github.com/fugue-labs/golem/internal/config/config.go:200.17,202.4 1 0
github.com/fugue-labs/golem/internal/config/config.go:203.3,204.32 2 0
github.com/fugue-labs/golem/internal/config/config.go:206.10,207.67 1 0
github.com/fugue-labs/golem/internal/config/config.go:210.2,211.16 2 4
github.com/fugue-labs/golem/internal/config/config.go:211.16,213.3 1 1
github.com/fugue-labs/golem/internal/config/config.go:214.2,226.41 11 3
github.com/fugue-labs/golem/internal/config/config.go:226.41,227.27 1 2
github.com/fugue-labs/golem/internal/config/config.go:227.27,229.4 1 0
github.com/fugue-labs/golem/internal/config/config.go:230.3,230.27 1 2
github.com/fugue-labs/golem/internal/config/config.go:230.27,232.4 1 0
github.com/fugue-labs/golem/internal/config/config.go:233.3,233.27 1 2
github.com/fugue-labs/golem/internal/config/config.go:233.27,235.4 1 0
github.com/fugue-labs/golem/internal/config/config.go:236.3,236.29 1 2
github.com/fugue-labs/golem/internal/config/config.go:236.29,238.4 1 0
github.com/fugue-labs/golem/internal/config/config.go:240.2,240.81 1 3
github.com/fugue-labs/golem/internal/config/config.go:240.81,242.3 1 0
github.com/fugue-labs/golem/internal/config/config.go:242.8,244.3 1 3
github.com/fugue-labs/golem/internal/config/config.go:245.2,245.81 1 3
github.com/fugue-labs/golem/internal/config/config.go:245.81,247.3 1 0
github.com/fugue-labs/golem/internal/config/config.go:247.8,249.3 1 3
github.com/fugue-labs/golem/internal/config/config.go:250.2,250.82 1 3
github.com/fugue-labs/golem/internal/config/config.go:250.82,252.3 1 0
github.com/fugue-labs/golem/internal/config/config.go:252.8,254.3 1 3
github.com/fugue-labs/golem/internal/config/config.go:255.2,255.28 1 3
github.com/fugue-labs/golem/internal/config/config.go:255.28,257.3 1 3
github.com/fugue-labs/golem/internal/config/config.go:258.2,258.68 1 3
github.com/fugue-labs/golem/internal/config/config.go:258.68,260.3 1 0
github.com/fugue-labs/golem/internal/config/config.go:262.2,266.16 4 3
github.com/fugue-labs/golem/internal/config/config.go:266.16,268.3 1 0
github.com/fugue-labs/golem/internal/config/config.go:269.2,273.72 3 3
github.com/fugue-labs/golem/internal/config/config.go:273.72,274.18 1 0
github.com/fugue-labs/golem/internal/config/config.go:274.18,276.4 1 0
github.com/fugue-labs/golem/internal/config/config.go:276.9,278.4 1 0
github.com/fugue-labs/golem/internal/config/config.go:280.2,280.17 1 3
github.com/fugue-labs/golem/internal/config/config.go:284.46,285.14 1 6
github.com/fugue-labs/golem/internal/config/config.go:285.14,287.3 1 0
github.com/fugue-labs/golem/internal/config/config.go:289.2,291.98 2 6
github.com/fugue-labs/golem/internal/config/config.go:291.98,293.3 1 1
github.com/fugue-labs/golem/internal/config/config.go:295.2,295.20 1 6
github.com/fugue-labs/golem/internal/config/config.go:296.25,297.40 1 1
github.com/fugue-labs/golem/internal/config/config.go:297.40,299.4 1 1
github.com/fugue-labs/golem/internal/config/config.go:300.22,301.65 1 3
github.com/fugue-labs/golem/internal/config/config.go:301.65,303.4 1 1
github.com/fugue-labs/golem/internal/config/config.go:304.32,305.40 1 1
github.com/fugue-labs/golem/internal/config/config.go:305.40,307.4 1 1
github.com/fugue-labs/golem/internal/config/config.go:308.3,308.41 1 1
github.com/fugue-labs/golem/internal/config/config.go:308.41,310.4 1 0
github.com/fugue-labs/golem/internal/config/config.go:311.49,312.43 1 1
github.com/fugue-labs/golem/internal/config/config.go:312.43,314.4 1 1
github.com/fugue-labs/golem/internal/config/config.go:315.3,315.40 1 1
github.com/fugue-labs/golem/internal/config/config.go:315.40,317.4 1 0
github.com/fugue-labs/golem/internal/config/config.go:318.10,319.93 1 0
github.com/fugue-labs/golem/internal/config/config.go:322.2,322.20 1 6
github.com/fugue-labs/golem/internal/config/config.go:322.20,324.3 1 0
github.com/fugue-labs/golem/internal/config/config.go:325.2,325.32 1 6
github.com/fugue-labs/golem/internal/config/config.go:325.32,327.3 1 0
github.com/fugue-labs/golem/internal/config/config.go:328.2,328.32 1 6
github.com/fugue-labs/golem/internal/config/config.go:328.32,330.3 1 0
github.com/fugue-labs/golem/internal/config/config.go:331.2,331.63 1 6
github.com/fugue-labs/golem/internal/config/config.go:331.63,333.3 1 0
github.com/fugue-labs/golem/internal/config/config.go:334.2,334.45 1 6
github.com/fugue-labs/golem/internal/config/config.go:334.45,336.3 1 1
github.com/fugue-labs/golem/internal/config/config.go:338.2,338.15 1 6
github.com/fugue-labs/golem/internal/config/config.go:342.22,344.16 2 0
github.com/fugue-labs/golem/internal/config/config.go:344.16,346.3 1 0
github.com/fugue-labs/golem/internal/config/config.go:348.2,350.29 3 0
github.com/fugue-labs/golem/internal/config/config.go:350.29,352.3 1 0
github.com/fugue-labs/golem/internal/config/config.go:353.2,360.23 5 0
github.com/fugue-labs/golem/internal/config/config.go:360.23,362.3 1 0
github.com/fugue-labs/golem/internal/config/config.go:364.2,364.19 1 0
github.com/fugue-labs/golem/internal/config/config.go:368.48,369.9 1 0
github.com/fugue-labs/golem/internal/config/config.go:370.16,371.27 1 0
github.com/fugue-labs/golem/internal/config/config.go:372.29,373.57 1 0
github.com/fugue-labs/golem/internal/config/config.go:374.41,375.72 1 0
github.com/fugue-labs/golem/internal/config/config.go:376.10,377.50 1 0
github.com/fugue-labs/golem/internal/config/config.go:382.44,383.9 1 0
github.com/fugue-labs/golem/internal/config/config.go:384.50,385.40 1 0
github.com/fugue-labs/golem/internal/config/config.go:385.40,387.4 1 0
github.com/fugue-labs/golem/internal/config/config.go:388.3,388.25 1 0
github.com/fugue-labs/golem/internal/config/config.go:389.27,390.25 1 0
github.com/fugue-labs/golem/internal/config/config.go:391.27,392.25 1 0
github.com/fugue-labs/golem/internal/config/config.go:393.10,394.11 1 0
github.com/fugue-labs/golem/internal/config/config.go:400.66,409.9 3 0
github.com/fugue-labs/golem/internal/config/config.go:409.9,411.3 1 0
github.com/fugue-labs/golem/internal/config/config.go:412.2,412.34 1 0
github.com/fugue-labs/golem/internal/config/config.go:412.34,413.52 1 0
github.com/fugue-labs/golem/internal/config/config.go:413.52,415.4 1 0
github.com/fugue-labs/golem/internal/config/config.go:417.2,417.11 1 0
github.com/fugue-labs/golem/internal/config/config.go:420.77,422.9 1 1
github.com/fugue-labs/golem/internal/config/config.go:423.43,424.41 1 0
github.com/fugue-labs/golem/internal/config/config.go:425.40,426.38 1 0
github.com/fugue-labs/golem/internal/config/config.go:427.108,428.48 1 1
github.com/fugue-labs/golem/internal/config/config.go:429.92,430.40 1 0
github.com/fugue-labs/golem/internal/config/config.go:434.2,434.9 1 0
github.com/fugue-labs/golem/internal/config/config.go:435.36,436.40 1 0
github.com/fugue-labs/golem/internal/config/config.go:437.33,438.37 1 0
github.com/fugue-labs/golem/internal/config/config.go:439.30,440.47 1 0
github.com/fugue-labs/golem/internal/config/config.go:444.2,444.91 1 0
github.com/fugue-labs/golem/internal/config/config.go:444.91,446.3 1 0
github.com/fugue-labs/golem/internal/config/config.go:448.2,448.41 1 0
github.com/fugue-labs/golem/internal/config/config.go:452.36,454.57 2 0
github.com/fugue-labs/golem/internal/config/config.go:454.57,456.3 1 0
github.com/fugue-labs/golem/internal/config/config.go:457.2,457.36 1 0
github.com/fugue-labs/golem/internal/config/config.go:460.41,461.53 1 12
github.com/fugue-labs/golem/internal/config/config.go:461.53,463.3 1 2
github.com/fugue-labs/golem/internal/config/config.go:464.2,464.17 1 10
github.com/fugue-labs/golem/internal/config/config.go:467.45,468.27 1 10
github.com/fugue-labs/golem/internal/config/config.go:468.27,469.53 1 15
github.com/fugue-labs/golem/internal/config/config.go:469.53,471.4 1 5
github.com/fugue-labs/golem/internal/config/config.go:473.2,473.11 1 5
github.com/fugue-labs/golem/internal/config/config.go:476.79,478.13 2 4
github.com/fugue-labs/golem/internal/config/config.go:478.13,480.3 1 2
github.com/fugue-labs/golem/internal/config/config.go:481.2,482.16 2 2
github.com/fugue-labs/golem/internal/config/config.go:482.16,484.3 1 1
github.com/fugue-labs/golem/internal/config/config.go:485.2,485.15 1 1
github.com/fugue-labs/golem/internal/config/config.go:488.64,490.13 2 9
github.com/fugue-labs/golem/internal/config/config.go:490.13,492.3 1 9
github.com/fugue-labs/golem/internal/config/config.go:493.2,494.16 2 0
github.com/fugue-labs/golem/internal/config/config.go:494.16,496.3 1 0
github.com/fugue-labs/golem/internal/config/config.go:497.2,497.15 1 0
github.com/fugue-labs/golem/internal/config/config.go:500.54,502.13 2 4
github.com/fugue-labs/golem/internal/config/config.go:502.13,504.3 1 4
github.com/fugue-labs/golem/internal/config/config.go:505.2,506.16 2 0
github.com/fugue-labs/golem/internal/config/config.go:506.16,508.3 1 0
github.com/fugue-labs/golem/internal/config/config.go:509.2,509.15 1 0
github.com/fugue-labs/golem/internal/config/config.go:512.49,515.2 2 3
github.com/fugue-labs/golem/internal/config/config.go:517.55,519.11 2 3
github.com/fugue-labs/golem/internal/config/config.go:520.27,521.11 1 3
github.com/fugue-labs/golem/internal/config/config.go:522.10,523.18 1 0
github.com/fugue-labs/golem/internal/config/config.go:527.41,528.51 1 1
github.com/fugue-labs/golem/internal/config/config.go:529.27,530.14 1 0
github.com/fugue-labs/golem/internal/config/config.go:531.10,532.15 1 1
github.com/fugue-labs/golem/internal/config/config.go:536.40,538.23 2 0
github.com/fugue-labs/golem/internal/config/config.go:538.23,540.3 1 0
github.com/fugue-labs/golem/internal/config/config.go:541.2,541.55 1 0
github.com/fugue-labs/golem/internal/config/config.go:544.38,546.2 1 5
github.com/fugue-labs/golem/internal/config/config.go:548.55,550.11 2 3
github.com/fugue-labs/golem/internal/config/config.go:551.25,552.11 1 0
github.com/fugue-labs/golem/internal/config/config.go:553.10,554.18 1 3
github.com/fugue-labs/golem/internal/config/config.go:558.35,559.60 1 23
github.com/fugue-labs/golem/internal/config/config.go:560.32,561.14 1 4
github.com/fugue-labs/golem/internal/config/config.go:562.10,563.15 1 19
github.com/fugue-labs/golem/internal/config/config.go:567.49,569.11 2 3
github.com/fugue-labs/golem/internal/config/config.go:570.49,571.11 1 0
github.com/fugue-labs/golem/internal/config/config.go:572.10,573.18 1 3
github.com/fugue-labs/golem/internal/config/config.go:583.45,593.2 1 3
github.com/fugue-labs/golem/internal/config/config.go:596.51,598.45 2 0
github.com/fugue-labs/golem/internal/config/config.go:598.45,600.17 2 0
github.com/fugue-labs/golem/internal/config/config.go:600.17,602.4 1 0
github.com/fugue-labs/golem/internal/config/config.go:604.2,604.15 1 0
github.com/fugue-labs/golem/internal/config/config.go:608.51,609.40 1 0
github.com/fugue-labs/golem/internal/config/config.go:609.40,611.3 1 0
github.com/fugue-labs/golem/internal/config/config.go:612.2,612.30 1 0
github.com/fugue-labs/golem/internal/automations/config.go:33.38,35.2 1 6
github.com/fugue-labs/golem/internal/automations/config.go:58.36,60.16 2 0
github.com/fugue-labs/golem/internal/automations/config.go:60.16,62.3 1 0
github.com/fugue-labs/golem/internal/automations/config.go:63.2,63.74 1 0
github.com/fugue-labs/golem/internal/automations/config.go:67.51,69.16 2 4
github.com/fugue-labs/golem/internal/automations/config.go:69.16,70.25 1 1
github.com/fugue-labs/golem/internal/automations/config.go:70.25,72.4 1 1
github.com/fugue-labs/golem/internal/automations/config.go:73.3,73.54 1 0
github.com/fugue-labs/golem/internal/automations/config.go:76.2,77.51 2 3
github.com/fugue-labs/golem/internal/automations/config.go:77.51,79.3 1 0
github.com/fugue-labs/golem/internal/automations/config.go:82.2,85.26 2 3
github.com/fugue-labs/golem/internal/automations/config.go:85.26,87.3 1 2
github.com/fugue-labs/golem/internal/automations/config.go:89.2,89.18 1 3
github.com/fugue-labs/golem/internal/automations/config.go:93.35,94.14 1 8
github.com/fugue-labs/golem/internal/automations/config.go:94.14,96.3 1 0
github.com/fugue-labs/golem/internal/automations/config.go:98.2,99.34 2 8
github.com/fugue-labs/golem/internal/automations/config.go:99.34,100.19 1 9
github.com/fugue-labs/golem/internal/automations/config.go:100.19,102.4 1 1
github.com/fugue-labs/golem/internal/automations/config.go:103.3,103.20 1 8
github.com/fugue-labs/golem/internal/automations/config.go:103.20,105.4 1 1
github.com/fugue-labs/golem/internal/automations/config.go:106.3,108.25 2 7
github.com/fugue-labs/golem/internal/automations/config.go:109.25,110.34 1 2
github.com/fugue-labs/golem/internal/automations/config.go:110.34,112.5 1 1
github.com/fugue-labs/golem/internal/automations/config.go:113.15,114.32 1 4
github.com/fugue-labs/golem/internal/automations/config.go:114.32,116.5 1 1
github.com/fugue-labs/golem/internal/automations/config.go:117.11,118.91 1 1
github.com/fugue-labs/golem/internal/automations/config.go:121.3,121.49 1 4
github.com/fugue-labs/golem/internal/automations/config.go:121.49,123.4 1 1
github.com/fugue-labs/golem/internal/automations/config.go:126.2,126.48 1 2
github.com/fugue-labs/golem/internal/automations/config.go:126.48,128.3 1 0
github.com/fugue-labs/golem/internal/automations/config.go:130.2,130.12 1 2
github.com/fugue-labs/golem/internal/automations/config.go:134.33,135.13 1 3
github.com/fugue-labs/golem/internal/automations/config.go:135.13,137.3 1 2
github.com/fugue-labs/golem/internal/automations/config.go:138.2,138.24 1 1
github.com/fugue-labs/golem/internal/automations/cron.go:32.59,34.22 2 33
github.com/fugue-labs/golem/internal/automations/cron.go:34.22,36.3 1 1
github.com/fugue-labs/golem/internal/automations/cron.go:38.2,39.16 2 32
github.com/fugue-labs/golem/internal/automations/cron.go:39.16,41.3 1 2
github.com/fugue-labs/golem/internal/automations/cron.go:42.2,43.16 2 30
github.com/fugue-labs/golem/internal/automations/cron.go:43.16,45.3 1 1
github.com/fugue-labs/golem/internal/automations/cron.go:46.2,47.16 2 29
github.com/fugue-labs/golem/internal/automations/cron.go:47.16,49.3 1 1
github.com/fugue-labs/golem/internal/automations/cron.go:50.2,51.16 2 28
github.com/fugue-labs/golem/internal/automations/cron.go:51.16,53.3 1 1
github.com/fugue-labs/golem/internal/automations/cron.go:54.2,55.16 2 27
github.com/fugue-labs/golem/internal/automations/cron.go:55.16,57.3 1 1
github.com/fugue-labs/golem/internal/automations/cron.go:59.2,66.8 1 26
github.com/fugue-labs/golem/internal/automations/cron.go:70.49,76.2 1 70
github.com/fugue-labs/golem/internal/automations/cron.go:80.64,85.30 3 3
github.com/fugue-labs/golem/internal/automations/cron.go:85.30,86.27 1 56
github.com/fugue-labs/golem/internal/automations/cron.go:86.27,88.4 1 3
github.com/fugue-labs/golem/internal/automations/cron.go:90.3,90.47 1 53
github.com/fugue-labs/golem/internal/automations/cron.go:90.47,93.12 2 0
github.com/fugue-labs/golem/internal/automations/cron.go:95.3,95.95 1 53
github.com/fugue-labs/golem/internal/automations/cron.go:95.95,98.12 2 0
github.com/fugue-labs/golem/internal/automations/cron.go:100.3,100.40 1 53
github.com/fugue-labs/golem/internal/automations/cron.go:100.40,103.12 2 24
github.com/fugue-labs/golem/internal/automations/cron.go:106.3,106.41 1 29
github.com/fugue-labs/golem/internal/automations/cron.go:108.2,108.27 1 0
github.com/fugue-labs/golem/internal/automations/cron.go:113.84,120.9 5 0
github.com/fugue-labs/golem/internal/automations/cron.go:121.20,122.9 1 0
github.com/fugue-labs/golem/internal/automations/cron.go:123.22,123.22 0 0
github.com/fugue-labs/golem/internal/automations/cron.go:126.2,129.36 3 0
github.com/fugue-labs/golem/internal/automations/cron.go:129.36,130.34 1 0
github.com/fugue-labs/golem/internal/automations/cron.go:130.34,144.4 3 0
github.com/fugue-labs/golem/internal/automations/cron.go:148.2,150.6 2 0
github.com/fugue-labs/golem/internal/automations/cron.go:150.6,151.10 1 0
github.com/fugue-labs/golem/internal/automations/cron.go:152.21,153.10 1 0
github.com/fugue-labs/golem/internal/automations/cron.go:154.24,155.41 1 0
github.com/fugue-labs/golem/internal/automations/cron.go:166.43,167.21 1 360
github.com/fugue-labs/golem/internal/automations/cron.go:167.21,169.3 1 203
github.com/fugue-labs/golem/internal/automations/cron.go:170.2,170.20 1 157
github.com/fugue-labs/golem/internal/automations/cron.go:173.67,174.18 1 146
github.com/fugue-labs/golem/internal/automations/cron.go:174.18,176.3 1 94
github.com/fugue-labs/golem/internal/automations/cron.go:178.2,179.49 2 52
github.com/fugue-labs/golem/internal/automations/cron.go:179.49,181.64 2 57
github.com/fugue-labs/golem/internal/automations/cron.go:181.64,183.4 1 6
github.com/fugue-labs/golem/internal/automations/cron.go:185.2,185.42 1 46
github.com/fugue-labs/golem/internal/automations/cron.go:188.75,191.47 2 57
github.com/fugue-labs/golem/internal/automations/cron.go:191.47,193.27 2 6
github.com/fugue-labs/golem/internal/automations/cron.go:193.27,195.4 1 0
github.com/fugue-labs/golem/internal/automations/cron.go:196.3,197.20 2 6
github.com/fugue-labs/golem/internal/automations/cron.go:201.2,202.17 2 57
github.com/fugue-labs/golem/internal/automations/cron.go:202.17,204.3 1 6
github.com/fugue-labs/golem/internal/automations/cron.go:204.8,204.54 1 51
github.com/fugue-labs/golem/internal/automations/cron.go:204.54,207.17 3 3
github.com/fugue-labs/golem/internal/automations/cron.go:207.17,209.4 1 0
github.com/fugue-labs/golem/internal/automations/cron.go:210.3,211.17 2 3
github.com/fugue-labs/golem/internal/automations/cron.go:211.17,213.4 1 0
github.com/fugue-labs/golem/internal/automations/cron.go:214.8,216.17 2 48
github.com/fugue-labs/golem/internal/automations/cron.go:216.17,218.4 1 1
github.com/fugue-labs/golem/internal/automations/cron.go:219.3,219.25 1 47
github.com/fugue-labs/golem/internal/automations/cron.go:219.25,221.4 1 5
github.com/fugue-labs/golem/internal/automations/cron.go:222.3,223.13 2 42
github.com/fugue-labs/golem/internal/automations/cron.go:226.2,226.37 1 9
github.com/fugue-labs/golem/internal/automations/cron.go:226.37,228.3 1 0
github.com/fugue-labs/golem/internal/automations/cron.go:229.2,229.34 1 9
github.com/fugue-labs/golem/internal/automations/cron.go:229.34,231.3 1 47
github.com/fugue-labs/golem/internal/automations/cron.go:232.2,232.12 1 9
github.com/fugue-labs/golem/internal/automations/daemon.go:24.37,29.2 1 0
github.com/fugue-labs/golem/internal/automations/daemon.go:32.51,33.49 1 0
github.com/fugue-labs/golem/internal/automations/daemon.go:33.49,35.3 1 0
github.com/fugue-labs/golem/internal/automations/daemon.go:37.2,37.41 1 0
github.com/fugue-labs/golem/internal/automations/daemon.go:37.41,39.3 1 0
github.com/fugue-labs/golem/internal/automations/daemon.go:42.2,43.38 2 0
github.com/fugue-labs/golem/internal/automations/daemon.go:43.38,45.3 1 0
github.com/fugue-labs/golem/internal/automations/daemon.go:47.2,47.31 1 0
github.com/fugue-labs/golem/internal/automations/daemon.go:47.31,49.10 2 0
github.com/fugue-labs/golem/internal/automations/daemon.go:49.10,52.4 2 0
github.com/fugue-labs/golem/internal/automations/daemon.go:53.3,54.54 2 0
github.com/fugue-labs/golem/internal/automations/daemon.go:58.2,59.38 2 0
github.com/fugue-labs/golem/internal/automations/daemon.go:59.38,60.49 1 0
github.com/fugue-labs/golem/internal/automations/daemon.go:60.49,61.12 1 0
github.com/fugue-labs/golem/internal/automations/daemon.go:63.3,64.17 2 0
github.com/fugue-labs/golem/internal/automations/daemon.go:64.17,66.4 1 0
github.com/fugue-labs/golem/internal/automations/daemon.go:67.3,74.88 4 0
github.com/fugue-labs/golem/internal/automations/daemon.go:78.2,80.38 3 0
github.com/fugue-labs/golem/internal/automations/daemon.go:80.38,81.58 1 0
github.com/fugue-labs/golem/internal/automations/daemon.go:81.58,83.9 2 0
github.com/fugue-labs/golem/internal/automations/daemon.go:87.2,92.17 3 0
github.com/fugue-labs/golem/internal/automations/daemon.go:92.17,94.3 1 0
github.com/fugue-labs/golem/internal/automations/daemon.go:97.2,99.12 3 0
github.com/fugue-labs/golem/internal/automations/daemon.go:103.42,104.45 1 0
github.com/fugue-labs/golem/internal/automations/daemon.go:104.45,106.3 1 0
github.com/fugue-labs/golem/internal/automations/daemon.go:108.2,111.36 4 0
github.com/fugue-labs/golem/internal/automations/daemon.go:111.36,113.21 2 0
github.com/fugue-labs/golem/internal/automations/daemon.go:113.21,115.4 1 0
github.com/fugue-labs/golem/internal/automations/daemon.go:117.3,118.25 2 0
github.com/fugue-labs/golem/internal/automations/daemon.go:119.15,120.32 1 0
github.com/fugue-labs/golem/internal/automations/daemon.go:121.25,123.32 2 0
github.com/fugue-labs/golem/internal/automations/daemon.go:123.32,125.5 1 0
github.com/fugue-labs/golem/internal/automations/daemon.go:127.3,127.79 1 0
github.com/fugue-labs/golem/internal/automations/daemon.go:129.2,130.19 2 0
github.com/fugue-labs/golem/internal/automations/daemon.go:134.29,136.14 2 0
github.com/fugue-labs/golem/internal/automations/daemon.go:136.14,138.3 1 0
github.com/fugue-labs/golem/internal/automations/daemon.go:139.2,139.65 1 0
github.com/fugue-labs/golem/internal/automations/daemon.go:142.27,145.2 2 0
github.com/fugue-labs/golem/internal/automations/daemon.go:147.27,151.2 3 0
github.com/fugue-labs/golem/internal/automations/daemon.go:153.28,155.2 1 0
github.com/fugue-labs/golem/internal/automations/daemon.go:157.32,159.16 2 0
github.com/fugue-labs/golem/internal/automations/daemon.go:159.16,161.3 1 0
github.com/fugue-labs/golem/internal/automations/daemon.go:162.2,163.64 2 0
github.com/fugue-labs/golem/internal/automations/daemon.go:163.64,165.3 1 0
github.com/fugue-labs/golem/internal/automations/daemon.go:167.2,168.16 2 0
github.com/fugue-labs/golem/internal/automations/daemon.go:168.16,170.3 1 0
github.com/fugue-labs/golem/internal/automations/daemon.go:172.2,172.55 1 0
github.com/fugue-labs/golem/internal/automations/daemon.go:172.55,174.3 1 0
github.com/fugue-labs/golem/internal/automations/daemon.go:175.2,175.18 1 0
github.com/fugue-labs/golem/internal/automations/daemon.go:179.29,216.2 3 0
github.com/fugue-labs/golem/internal/automations/event.go:22.51,24.51 2 4
github.com/fugue-labs/golem/internal/automations/event.go:24.51,27.3 2 24
github.com/fugue-labs/golem/internal/automations/event.go:28.2,28.15 1 4
github.com/fugue-labs/golem/internal/automations/event.go:33.66,37.2 3 4
github.com/fugue-labs/golem/internal/automations/event.go:39.70,40.22 1 12
github.com/fugue-labs/golem/internal/automations/event.go:40.22,42.26 2 32
github.com/fugue-labs/golem/internal/automations/event.go:43.23,44.29 1 8
github.com/fugue-labs/golem/internal/automations/event.go:45.11,46.18 1 24
github.com/fugue-labs/golem/internal/automations/runner.go:36.43,38.2 1 0
github.com/fugue-labs/golem/internal/automations/runner.go:42.113,44.44 2 0
github.com/fugue-labs/golem/internal/automations/runner.go:44.44,48.3 3 0
github.com/fugue-labs/golem/internal/automations/runner.go:49.2,52.12 3 0
github.com/fugue-labs/golem/internal/automations/runner.go:52.12,53.16 1 0
github.com/fugue-labs/golem/internal/automations/runner.go:53.16,57.4 3 0
github.com/fugue-labs/golem/internal/automations/runner.go:59.3,65.57 2 0
github.com/fugue-labs/golem/internal/automations/runner.go:65.57,69.4 3 0
github.com/fugue-labs/golem/internal/automations/runner.go:69.9,71.4 1 0
github.com/fugue-labs/golem/internal/automations/runner.go:73.3,77.24 4 0
github.com/fugue-labs/golem/internal/automations/runner.go:77.24,79.4 1 0
github.com/fugue-labs/golem/internal/automations/runner.go:80.3,80.16 1 0
github.com/fugue-labs/golem/internal/automations/runner.go:85.40,91.2 5 0
github.com/fugue-labs/golem/internal/automations/runner.go:94.36,98.2 3 0
github.com/fugue-labs/golem/internal/automations/runner.go:100.85,104.19 3 0
github.com/fugue-labs/golem/internal/automations/runner.go:104.19,106.3 1 0
github.com/fugue-labs/golem/internal/automations/runner.go:109.2,116.36 7 0
github.com/fugue-labs/golem/internal/automations/runner.go:116.36,118.71 2 0
github.com/fugue-labs/golem/internal/automations/runner.go:118.71,120.4 1 0
github.com/fugue-labs/golem/internal/automations/runner.go:123.2,132.28 6 0
github.com/fugue-labs/golem/internal/automations/runner.go:132.28,133.65 1 0
github.com/fugue-labs/golem/internal/automations/runner.go:133.65,135.4 1 0
github.com/fugue-labs/golem/internal/automations/runner.go:138.2,143.16 4 0
github.com/fugue-labs/golem/internal/automations/runner.go:143.16,145.3 1 0
github.com/fugue-labs/golem/internal/automations/runner.go:147.2,157.16 5 0
github.com/fugue-labs/golem/internal/automations/runner.go:157.16,161.3 3 0
github.com/fugue-labs/golem/internal/automations/runner.go:163.2,163.34 1 0
github.com/fugue-labs/golem/internal/automations/runner.go:163.34,165.3 1 0
github.com/fugue-labs/golem/internal/automations/runner.go:166.2,166.12 1 0
github.com/fugue-labs/golem/internal/automations/runner.go:169.33,172.2 2 0
github.com/fugue-labs/golem/internal/automations/runner.go:176.56,179.48 2 0
github.com/fugue-labs/golem/internal/automations/runner.go:179.48,181.3 1 0
github.com/fugue-labs/golem/internal/automations/runner.go:183.2,183.58 1 0
github.com/fugue-labs/golem/internal/automations/runner.go:183.58,184.49 1 0
github.com/fugue-labs/golem/internal/automations/runner.go:184.49,186.4 1 0
github.com/fugue-labs/golem/internal/automations/runner.go:189.2,189.58 1 0
github.com/fugue-labs/golem/internal/automations/runner.go:189.58,190.44 1 0
github.com/fugue-labs/golem/internal/automations/runner.go:190.44,192.4 1 0
github.com/fugue-labs/golem/internal/automations/runner.go:193.3,193.44 1 0
github.com/fugue-labs/golem/internal/automations/runner.go:193.44,195.4 1 0
github.com/fugue-labs/golem/internal/automations/runner.go:196.3,196.45 1 0
github.com/fugue-labs/golem/internal/automations/runner.go:196.45,198.4 1 0
github.com/fugue-labs/golem/internal/automations/runner.go:199.3,199.50 1 0
github.com/fugue-labs/golem/internal/automations/runner.go:199.50,200.43 1 0
github.com/fugue-labs/golem/internal/automations/runner.go:200.43,202.5 1 0
github.com/fugue-labs/golem/internal/automations/runner.go:206.2,206.56 1 0
github.com/fugue-labs/golem/internal/automations/runner.go:206.56,207.48 1 0
github.com/fugue-labs/golem/internal/automations/runner.go:207.48,209.4 1 0
github.com/fugue-labs/golem/internal/automations/runner.go:213.2,213.42 1 0
github.com/fugue-labs/golem/internal/automations/runner.go:213.42,215.3 1 0
github.com/fugue-labs/golem/internal/automations/runner.go:216.2,216.49 1 0
github.com/fugue-labs/golem/internal/automations/runner.go:216.49,218.3 1 0
github.com/fugue-labs/golem/internal/automations/runner.go:220.2,220.19 1 0
github.com/fugue-labs/golem/internal/automations/runner.go:225.51,227.16 2 0
github.com/fugue-labs/golem/internal/automations/runner.go:227.16,229.3 1 0
github.com/fugue-labs/golem/internal/automations/runner.go:230.2,231.16 2 0
github.com/fugue-labs/golem/internal/automations/runner.go:231.16,233.3 1 0
github.com/fugue-labs/golem/internal/automations/runner.go:234.2,234.47 1 0
github.com/fugue-labs/golem/internal/automations/runner.go:234.47,238.3 3 0
github.com/fugue-labs/golem/internal/automations/runner.go:239.2,240.28 2 0
github.com/fugue-labs/golem/internal/automations/webhook.go:35.72,37.36 2 2
github.com/fugue-labs/golem/internal/automations/webhook.go:37.36,38.59 1 3
github.com/fugue-labs/golem/internal/automations/webhook.go:38.59,39.12 1 0
github.com/fugue-labs/golem/internal/automations/webhook.go:41.3,42.38 2 3
github.com/fugue-labs/golem/internal/automations/webhook.go:42.38,44.4 1 3
github.com/fugue-labs/golem/internal/automations/webhook.go:45.3,46.37 2 3
github.com/fugue-labs/golem/internal/automations/webhook.go:46.37,48.4 1 1
github.com/fugue-labs/golem/internal/automations/webhook.go:49.3,53.5 1 3
github.com/fugue-labs/golem/internal/automations/webhook.go:56.2,61.3 1 2
github.com/fugue-labs/golem/internal/automations/webhook.go:65.58,66.29 1 0
github.com/fugue-labs/golem/internal/automations/webhook.go:66.29,70.3 2 0
github.com/fugue-labs/golem/internal/automations/webhook.go:72.2,74.73 3 0
github.com/fugue-labs/golem/internal/automations/webhook.go:74.73,77.3 2 0
github.com/fugue-labs/golem/internal/automations/webhook.go:79.2,83.59 1 0
github.com/fugue-labs/golem/internal/automations/webhook.go:83.59,83.73 1 0
github.com/fugue-labs/golem/internal/automations/webhook.go:86.2,86.12 1 0
github.com/fugue-labs/golem/internal/automations/webhook.go:86.12,91.3 4 0
github.com/fugue-labs/golem/internal/automations/webhook.go:93.2,94.81 2 0
github.com/fugue-labs/golem/internal/automations/webhook.go:94.81,96.3 1 0
github.com/fugue-labs/golem/internal/automations/webhook.go:97.2,97.12 1 0
github.com/fugue-labs/golem/internal/automations/webhook.go:100.78,101.33 1 7
github.com/fugue-labs/golem/internal/automations/webhook.go:101.33,104.3 2 1
github.com/fugue-labs/golem/internal/automations/webhook.go:106.2,107.16 2 6
github.com/fugue-labs/golem/internal/automations/webhook.go:107.16,110.3 2 0
github.com/fugue-labs/golem/internal/automations/webhook.go:113.2,113.20 1 6
github.com/fugue-labs/golem/internal/automations/webhook.go:113.20,115.50 2 1
github.com/fugue-labs/golem/internal/automations/webhook.go:115.50,118.4 2 1
github.com/fugue-labs/golem/internal/automations/webhook.go:122.2,123.21 2 5
github.com/fugue-labs/golem/internal/automations/webhook.go:123.21,126.3 2 1
github.com/fugue-labs/golem/internal/automations/webhook.go:128.2,129.55 2 4
github.com/fugue-labs/golem/internal/automations/webhook.go:129.55,132.3 2 0
github.com/fugue-labs/golem/internal/automations/webhook.go:134.2,136.18 3 4
github.com/fugue-labs/golem/internal/automations/webhook.go:136.18,138.3 1 3
github.com/fugue-labs/golem/internal/automations/webhook.go:141.2,142.60 2 4
github.com/fugue-labs/golem/internal/automations/webhook.go:142.60,144.3 1 4
github.com/fugue-labs/golem/internal/automations/webhook.go:147.2,148.34 2 4
github.com/fugue-labs/golem/internal/automations/webhook.go:148.34,149.54 1 8
github.com/fugue-labs/golem/internal/automations/webhook.go:149.54,150.12 1 6
github.com/fugue-labs/golem/internal/automations/webhook.go:152.3,159.5 2 2
github.com/fugue-labs/golem/internal/automations/webhook.go:162.2,162.13 1 4
github.com/fugue-labs/golem/internal/automations/webhook.go:162.13,165.3 2 2
github.com/fugue-labs/golem/internal/automations/webhook.go:165.8,168.3 2 2
github.com/fugue-labs/golem/internal/automations/webhook.go:171.81,176.17 4 8
github.com/fugue-labs/golem/internal/automations/webhook.go:176.17,178.3 1 5
github.com/fugue-labs/golem/internal/automations/webhook.go:181.2,181.23 1 3
github.com/fugue-labs/golem/internal/automations/webhook.go:181.23,183.3 1 1
github.com/fugue-labs/golem/internal/automations/webhook.go:184.2,184.39 1 2
github.com/fugue-labs/golem/internal/automations/webhook.go:188.75,189.46 1 4
github.com/fugue-labs/golem/internal/automations/webhook.go:189.46,191.3 1 1
github.com/fugue-labs/golem/internal/automations/webhook.go:192.2,193.16 2 3
github.com/fugue-labs/golem/internal/automations/webhook.go:193.16,195.3 1 1
github.com/fugue-labs/golem/internal/automations/webhook.go:196.2,199.34 4 2
github.com/fugue-labs/golem/internal/codegraph/graph.go:56.41,57.22 1 51
github.com/fugue-labs/golem/internal/codegraph/graph.go:57.22,59.3 1 12
github.com/fugue-labs/golem/internal/codegraph/graph.go:60.2,60.48 1 39
github.com/fugue-labs/golem/internal/codegraph/graph.go:64.36,66.2 1 10
github.com/fugue-labs/golem/internal/codegraph/graph.go:94.24,105.2 1 9
github.com/fugue-labs/golem/internal/codegraph/graph.go:108.38,114.2 5 28
github.com/fugue-labs/golem/internal/codegraph/graph.go:117.33,119.16 2 11
github.com/fugue-labs/golem/internal/codegraph/graph.go:120.17,122.55 2 5
github.com/fugue-labs/golem/internal/codegraph/graph.go:123.19,125.64 2 3
github.com/fugue-labs/golem/internal/codegraph/graph.go:130.53,132.34 1 7
github.com/fugue-labs/golem/internal/codegraph/graph.go:132.34,134.3 1 1
github.com/fugue-labs/golem/internal/codegraph/graph.go:136.2,136.36 1 6
github.com/fugue-labs/golem/internal/codegraph/graph.go:136.36,138.3 1 5
github.com/fugue-labs/golem/internal/codegraph/graph.go:140.2,140.33 1 1
github.com/fugue-labs/golem/internal/codegraph/graph.go:140.33,143.40 3 1
github.com/fugue-labs/golem/internal/codegraph/graph.go:143.40,144.30 1 1
github.com/fugue-labs/golem/internal/codegraph/graph.go:144.30,146.5 1 1
github.com/fugue-labs/golem/internal/codegraph/graph.go:148.3,148.23 1 1
github.com/fugue-labs/golem/internal/codegraph/graph.go:148.23,150.4 1 1
github.com/fugue-labs/golem/internal/codegraph/graph.go:152.2,152.12 1 0
github.com/fugue-labs/golem/internal/codegraph/graph.go:156.54,158.2 1 1
github.com/fugue-labs/golem/internal/codegraph/graph.go:161.78,162.19 1 1
github.com/fugue-labs/golem/internal/codegraph/graph.go:162.19,164.3 1 0
github.com/fugue-labs/golem/internal/codegraph/graph.go:165.2,169.62 4 1
github.com/fugue-labs/golem/internal/codegraph/graph.go:169.62,171.30 2 3
github.com/fugue-labs/golem/internal/codegraph/graph.go:171.30,172.40 1 3
github.com/fugue-labs/golem/internal/codegraph/graph.go:172.40,174.25 2 2
github.com/fugue-labs/golem/internal/codegraph/graph.go:174.25,177.6 2 2
github.com/fugue-labs/golem/internal/codegraph/graph.go:180.3,180.15 1 3
github.com/fugue-labs/golem/internal/codegraph/graph.go:182.2,182.15 1 1
github.com/fugue-labs/golem/internal/codegraph/graph.go:186.54,188.2 1 1
github.com/fugue-labs/golem/internal/codegraph/graph.go:191.53,193.2 1 1
github.com/fugue-labs/golem/internal/codegraph/graph.go:196.56,198.2 1 0
github.com/fugue-labs/golem/internal/codegraph/graph.go:201.56,203.2 1 0
github.com/fugue-labs/golem/internal/codegraph/graph.go:206.54,208.2 1 0
github.com/fugue-labs/golem/internal/codegraph/graph.go:211.61,213.28 2 1
github.com/fugue-labs/golem/internal/codegraph/graph.go:213.28,214.52 1 1
github.com/fugue-labs/golem/internal/codegraph/graph.go:214.52,215.38 1 1
github.com/fugue-labs/golem/internal/codegraph/graph.go:215.38,217.5 1 1
github.com/fugue-labs/golem/internal/codegraph/graph.go:220.2,220.16 1 1
github.com/fugue-labs/golem/internal/codegraph/graph.go:224.67,226.28 2 0
github.com/fugue-labs/golem/internal/codegraph/graph.go:226.28,227.53 1 0
github.com/fugue-labs/golem/internal/codegraph/graph.go:227.53,229.4 1 0
github.com/fugue-labs/golem/internal/codegraph/graph.go:231.2,231.16 1 0
github.com/fugue-labs/golem/internal/codegraph/graph.go:235.40,238.30 3 2
github.com/fugue-labs/golem/internal/codegraph/graph.go:238.30,239.23 1 6
github.com/fugue-labs/golem/internal/codegraph/graph.go:239.23,242.4 2 3
github.com/fugue-labs/golem/internal/codegraph/graph.go:244.2,244.13 1 2
github.com/fugue-labs/golem/internal/codegraph/graph.go:248.36,254.30 5 1
github.com/fugue-labs/golem/internal/codegraph/graph.go:254.30,255.17 1 4
github.com/fugue-labs/golem/internal/codegraph/graph.go:256.21,257.21 1 1
github.com/fugue-labs/golem/internal/codegraph/graph.go:258.19,259.19 1 1
github.com/fugue-labs/golem/internal/codegraph/graph.go:260.19,261.19 1 1
github.com/fugue-labs/golem/internal/codegraph/graph.go:262.22,263.22 1 1
github.com/fugue-labs/golem/internal/codegraph/graph.go:266.2,266.28 1 1
github.com/fugue-labs/golem/internal/codegraph/graph.go:266.28,267.26 1 1
github.com/fugue-labs/golem/internal/codegraph/graph.go:267.26,269.4 1 0
github.com/fugue-labs/golem/internal/codegraph/graph.go:271.2,271.14 1 1
github.com/fugue-labs/golem/internal/codegraph/graph.go:286.56,287.26 1 6
github.com/fugue-labs/golem/internal/codegraph/graph.go:287.26,288.15 1 1
github.com/fugue-labs/golem/internal/codegraph/graph.go:288.15,290.4 1 0
github.com/fugue-labs/golem/internal/codegraph/graph.go:292.2,292.27 1 6
github.com/fugue-labs/golem/internal/codegraph/index.go:25.42,32.2 1 9
github.com/fugue-labs/golem/internal/codegraph/index.go:35.45,36.89 1 9
github.com/fugue-labs/golem/internal/codegraph/index.go:36.89,37.17 1 20
github.com/fugue-labs/golem/internal/codegraph/index.go:37.17,39.4 1 0
github.com/fugue-labs/golem/internal/codegraph/index.go:40.3,40.16 1 20
github.com/fugue-labs/golem/internal/codegraph/index.go:40.16,43.66 2 10
github.com/fugue-labs/golem/internal/codegraph/index.go:43.66,45.5 1 0
github.com/fugue-labs/golem/internal/codegraph/index.go:46.4,46.14 1 10
github.com/fugue-labs/golem/internal/codegraph/index.go:48.3,48.42 1 10
github.com/fugue-labs/golem/internal/codegraph/index.go:48.42,50.4 1 0
github.com/fugue-labs/golem/internal/codegraph/index.go:53.3,53.29 1 10
github.com/fugue-labs/golem/internal/codegraph/index.go:55.2,55.16 1 9
github.com/fugue-labs/golem/internal/codegraph/index.go:55.16,57.3 1 0
github.com/fugue-labs/golem/internal/codegraph/index.go:60.2,62.23 2 9
github.com/fugue-labs/golem/internal/codegraph/index.go:65.50,67.16 2 10
github.com/fugue-labs/golem/internal/codegraph/index.go:67.16,69.3 1 0
github.com/fugue-labs/golem/internal/codegraph/index.go:71.2,72.16 2 10
github.com/fugue-labs/golem/internal/codegraph/index.go:72.16,74.3 1 0
github.com/fugue-labs/golem/internal/codegraph/index.go:76.2,81.35 4 10
github.com/fugue-labs/golem/internal/codegraph/index.go:81.35,84.22 3 3
github.com/fugue-labs/golem/internal/codegraph/index.go:84.22,86.4 1 0
github.com/fugue-labs/golem/internal/codegraph/index.go:86.9,90.4 2 3
github.com/fugue-labs/golem/internal/codegraph/index.go:91.3,100.5 2 3
github.com/fugue-labs/golem/internal/codegraph/index.go:102.2,105.34 2 10
github.com/fugue-labs/golem/internal/codegraph/index.go:105.34,106.27 1 26
github.com/fugue-labs/golem/internal/codegraph/index.go:107.22,108.38 1 17
github.com/fugue-labs/golem/internal/codegraph/index.go:109.21,110.41 1 9
github.com/fugue-labs/golem/internal/codegraph/index.go:114.2,114.12 1 10
github.com/fugue-labs/golem/internal/codegraph/index.go:117.67,128.45 3 17
github.com/fugue-labs/golem/internal/codegraph/index.go:128.45,131.3 2 4
github.com/fugue-labs/golem/internal/codegraph/index.go:131.8,133.3 1 13
github.com/fugue-labs/golem/internal/codegraph/index.go:135.2,139.20 3 17
github.com/fugue-labs/golem/internal/codegraph/index.go:139.20,141.46 2 17
github.com/fugue-labs/golem/internal/codegraph/index.go:141.46,143.11 2 118
github.com/fugue-labs/golem/internal/codegraph/index.go:143.11,145.5 1 113
github.com/fugue-labs/golem/internal/codegraph/index.go:146.4,147.15 2 5
github.com/fugue-labs/golem/internal/codegraph/index.go:152.79,159.31 5 5
github.com/fugue-labs/golem/internal/codegraph/index.go:160.18,163.21 2 3
github.com/fugue-labs/golem/internal/codegraph/index.go:165.25,167.41 1 2
github.com/fugue-labs/golem/internal/codegraph/index.go:167.41,170.46 2 2
github.com/fugue-labs/golem/internal/codegraph/index.go:170.46,175.5 2 2
github.com/fugue-labs/golem/internal/codegraph/index.go:175.10,179.5 1 0
github.com/fugue-labs/golem/internal/codegraph/index.go:182.10,183.9 1 0
github.com/fugue-labs/golem/internal/codegraph/index.go:186.2,186.22 1 5
github.com/fugue-labs/golem/internal/codegraph/index.go:186.22,188.3 1 0
github.com/fugue-labs/golem/internal/codegraph/index.go:190.2,197.4 1 5
github.com/fugue-labs/golem/internal/codegraph/index.go:200.71,201.34 1 9
github.com/fugue-labs/golem/internal/codegraph/index.go:201.34,202.27 1 10
github.com/fugue-labs/golem/internal/codegraph/index.go:203.22,204.41 1 7
github.com/fugue-labs/golem/internal/codegraph/index.go:205.23,206.42 1 0
github.com/fugue-labs/golem/internal/codegraph/index.go:211.90,222.29 3 7
github.com/fugue-labs/golem/internal/codegraph/index.go:223.23,225.22 2 5
github.com/fugue-labs/golem/internal/codegraph/index.go:225.22,226.40 1 5
github.com/fugue-labs/golem/internal/codegraph/index.go:226.40,228.30 1 5
github.com/fugue-labs/golem/internal/codegraph/index.go:228.30,230.23 2 1
github.com/fugue-labs/golem/internal/codegraph/index.go:230.23,239.7 2 1
github.com/fugue-labs/golem/internal/codegraph/index.go:240.11,242.39 1 4
github.com/fugue-labs/golem/internal/codegraph/index.go:242.39,253.7 2 4
github.com/fugue-labs/golem/internal/codegraph/index.go:258.26,260.23 2 2
github.com/fugue-labs/golem/internal/codegraph/index.go:260.23,261.42 1 2
github.com/fugue-labs/golem/internal/codegraph/index.go:261.42,262.30 1 2
github.com/fugue-labs/golem/internal/codegraph/index.go:262.30,264.6 1 2
github.com/fugue-labs/golem/internal/codegraph/index.go:264.11,267.23 2 0
github.com/fugue-labs/golem/internal/codegraph/index.go:267.23,269.7 1 0
github.com/fugue-labs/golem/internal/codegraph/index.go:274.10,275.27 1 0
github.com/fugue-labs/golem/internal/codegraph/index.go:278.2,278.26 1 7
github.com/fugue-labs/golem/internal/codegraph/index.go:281.92,283.29 2 0
github.com/fugue-labs/golem/internal/codegraph/index.go:283.29,285.3 1 0
github.com/fugue-labs/golem/internal/codegraph/index.go:287.2,287.32 1 0
github.com/fugue-labs/golem/internal/codegraph/index.go:287.32,288.23 1 0
github.com/fugue-labs/golem/internal/codegraph/index.go:288.23,289.12 1 0
github.com/fugue-labs/golem/internal/codegraph/index.go:291.3,300.27 2 0
github.com/fugue-labs/golem/internal/codegraph/index.go:307.46,310.38 2 9
github.com/fugue-labs/golem/internal/codegraph/index.go:310.38,311.52 1 28
github.com/fugue-labs/golem/internal/codegraph/index.go:311.52,313.4 1 2
github.com/fugue-labs/golem/internal/codegraph/index.go:317.2,318.38 2 9
github.com/fugue-labs/golem/internal/codegraph/index.go:318.38,319.47 1 28
github.com/fugue-labs/golem/internal/codegraph/index.go:319.47,321.31 2 4
github.com/fugue-labs/golem/internal/codegraph/index.go:321.31,323.5 1 3
github.com/fugue-labs/golem/internal/codegraph/index.go:324.4,324.35 1 4
github.com/fugue-labs/golem/internal/codegraph/index.go:329.2,329.35 1 9
github.com/fugue-labs/golem/internal/codegraph/index.go:329.35,331.46 2 2
github.com/fugue-labs/golem/internal/codegraph/index.go:331.46,334.36 2 2
github.com/fugue-labs/golem/internal/codegraph/index.go:334.36,335.20 1 2
github.com/fugue-labs/golem/internal/codegraph/index.go:335.20,337.11 2 0
github.com/fugue-labs/golem/internal/codegraph/index.go:340.4,340.16 1 2
github.com/fugue-labs/golem/internal/codegraph/index.go:340.16,346.5 1 2
github.com/fugue-labs/golem/internal/codegraph/index.go:353.45,354.26 1 16
github.com/fugue-labs/golem/internal/codegraph/index.go:355.18,356.16 1 8
github.com/fugue-labs/golem/internal/codegraph/index.go:357.21,358.31 1 8
github.com/fugue-labs/golem/internal/codegraph/index.go:359.22,360.31 1 0
github.com/fugue-labs/golem/internal/codegraph/index.go:361.26,362.31 1 0
github.com/fugue-labs/golem/internal/codegraph/index.go:364.2,364.11 1 0
github.com/fugue-labs/golem/internal/codegraph/index.go:367.41,368.26 1 1
github.com/fugue-labs/golem/internal/codegraph/index.go:369.18,370.16 1 1
github.com/fugue-labs/golem/internal/codegraph/index.go:371.21,372.27 1 0
github.com/fugue-labs/golem/internal/codegraph/index.go:373.25,374.40 1 0
github.com/fugue-labs/golem/internal/codegraph/index.go:374.40,376.4 1 0
github.com/fugue-labs/golem/internal/codegraph/index.go:377.22,378.27 1 0
github.com/fugue-labs/golem/internal/codegraph/index.go:379.26,380.27 1 0
github.com/fugue-labs/golem/internal/codegraph/index.go:382.2,382.11 1 0
github.com/fugue-labs/golem/internal/codegraph/index.go:385.51,388.45 3 17
github.com/fugue-labs/golem/internal/codegraph/index.go:388.45,392.3 3 4
github.com/fugue-labs/golem/internal/codegraph/index.go:393.2,395.27 3 17
github.com/fugue-labs/golem/internal/codegraph/index.go:395.27,397.41 2 17
github.com/fugue-labs/golem/internal/codegraph/index.go:397.41,399.24 2 4
github.com/fugue-labs/golem/internal/codegraph/index.go:399.24,400.31 1 4
github.com/fugue-labs/golem/internal/codegraph/index.go:400.31,402.6 1 4
github.com/fugue-labs/golem/internal/codegraph/index.go:403.10,405.5 1 0
github.com/fugue-labs/golem/internal/codegraph/index.go:407.3,407.44 1 17
github.com/fugue-labs/golem/internal/codegraph/index.go:409.2,410.61 2 17
github.com/fugue-labs/golem/internal/codegraph/index.go:410.61,412.42 2 4
github.com/fugue-labs/golem/internal/codegraph/index.go:412.42,414.4 1 5
github.com/fugue-labs/golem/internal/codegraph/index.go:415.3,415.21 1 4
github.com/fugue-labs/golem/internal/codegraph/index.go:415.21,417.4 1 3
github.com/fugue-labs/golem/internal/codegraph/index.go:417.9,419.4 1 1
github.com/fugue-labs/golem/internal/codegraph/index.go:421.2,421.19 1 17
github.com/fugue-labs/golem/internal/codegraph/index.go:424.43,425.26 1 11
github.com/fugue-labs/golem/internal/codegraph/index.go:426.18,427.16 1 9
github.com/fugue-labs/golem/internal/codegraph/index.go:428.21,429.35 1 1
github.com/fugue-labs/golem/internal/codegraph/index.go:430.25,431.48 1 0
github.com/fugue-labs/golem/internal/codegraph/index.go:432.22,433.19 1 1
github.com/fugue-labs/golem/internal/codegraph/index.go:433.19,435.4 1 1
github.com/fugue-labs/golem/internal/codegraph/index.go:436.3,436.41 1 0
github.com/fugue-labs/golem/internal/codegraph/index.go:437.20,438.72 1 0
github.com/fugue-labs/golem/internal/codegraph/index.go:439.26,440.23 1 0
github.com/fugue-labs/golem/internal/codegraph/index.go:441.21,442.21 1 0
github.com/fugue-labs/golem/internal/codegraph/index.go:443.21,444.43 1 0
github.com/fugue-labs/golem/internal/codegraph/index.go:445.21,446.39 1 0
github.com/fugue-labs/golem/internal/codegraph/index.go:447.22,448.67 1 0
github.com/fugue-labs/golem/internal/codegraph/index.go:449.26,451.31 2 0
github.com/fugue-labs/golem/internal/codegraph/index.go:451.31,453.4 1 0
github.com/fugue-labs/golem/internal/codegraph/index.go:454.3,454.71 1 0
github.com/fugue-labs/golem/internal/codegraph/index.go:456.2,456.12 1 0
github.com/fugue-labs/golem/internal/codegraph/index.go:459.47,460.15 1 24
github.com/fugue-labs/golem/internal/codegraph/index.go:460.15,462.3 1 22
github.com/fugue-labs/golem/internal/codegraph/index.go:463.2,465.53 2 2
github.com/fugue-labs/golem/internal/codegraph/index.go:465.53,467.3 1 2
github.com/fugue-labs/golem/internal/codegraph/index.go:468.2,469.21 2 2
github.com/fugue-labs/golem/internal/codegraph/index.go:469.21,471.3 1 0
github.com/fugue-labs/golem/internal/codegraph/index.go:472.2,472.13 1 2
github.com/fugue-labs/golem/internal/codegraph/query.go:20.66,23.30 2 2
github.com/fugue-labs/golem/internal/codegraph/query.go:23.30,24.58 1 6
github.com/fugue-labs/golem/internal/codegraph/query.go:24.58,25.12 1 0
github.com/fugue-labs/golem/internal/codegraph/query.go:27.3,27.49 1 6
github.com/fugue-labs/golem/internal/codegraph/query.go:27.49,28.12 1 0
github.com/fugue-labs/golem/internal/codegraph/query.go:30.3,30.63 1 6
github.com/fugue-labs/golem/internal/codegraph/query.go:30.63,31.12 1 1
github.com/fugue-labs/golem/internal/codegraph/query.go:33.3,33.49 1 5
github.com/fugue-labs/golem/internal/codegraph/query.go:33.49,34.12 1 0
github.com/fugue-labs/golem/internal/codegraph/query.go:36.3,36.27 1 5
github.com/fugue-labs/golem/internal/codegraph/query.go:36.27,38.18 2 0
github.com/fugue-labs/golem/internal/codegraph/query.go:38.18,40.5 1 0
github.com/fugue-labs/golem/internal/codegraph/query.go:41.4,41.31 1 0
github.com/fugue-labs/golem/internal/codegraph/query.go:41.31,42.13 1 0
github.com/fugue-labs/golem/internal/codegraph/query.go:46.3,46.54 1 5
github.com/fugue-labs/golem/internal/codegraph/query.go:46.54,47.12 1 0
github.com/fugue-labs/golem/internal/codegraph/query.go:49.3,49.31 1 5
github.com/fugue-labs/golem/internal/codegraph/query.go:53.2,53.42 1 2
github.com/fugue-labs/golem/internal/codegraph/query.go:53.42,54.41 1 3
github.com/fugue-labs/golem/internal/codegraph/query.go:54.41,56.4 1 0
github.com/fugue-labs/golem/internal/codegraph/query.go:57.3,57.43 1 3
github.com/fugue-labs/golem/internal/codegraph/query.go:60.2,60.23 1 2
github.com/fugue-labs/golem/internal/codegraph/query.go:60.23,62.3 1 0
github.com/fugue-labs/golem/internal/codegraph/query.go:64.2,67.31 4 2
github.com/fugue-labs/golem/internal/codegraph/query.go:67.31,69.3 1 0
github.com/fugue-labs/golem/internal/codegraph/query.go:70.2,73.29 3 2
github.com/fugue-labs/golem/internal/codegraph/query.go:73.29,75.3 1 0
github.com/fugue-labs/golem/internal/codegraph/query.go:77.2,77.26 1 2
github.com/fugue-labs/golem/internal/codegraph/query.go:77.26,79.17 2 5
github.com/fugue-labs/golem/internal/codegraph/query.go:79.17,81.4 1 4
github.com/fugue-labs/golem/internal/codegraph/query.go:82.3,82.24 1 5
github.com/fugue-labs/golem/internal/codegraph/query.go:82.24,84.4 1 5
github.com/fugue-labs/golem/internal/codegraph/query.go:84.9,87.4 2 0
github.com/fugue-labs/golem/internal/codegraph/query.go:90.2,90.24 1 2
github.com/fugue-labs/golem/internal/codegraph/query.go:94.95,97.20 2 0
github.com/fugue-labs/golem/internal/codegraph/query.go:97.20,99.31 1 0
github.com/fugue-labs/golem/internal/codegraph/query.go:99.31,101.54 1 0
github.com/fugue-labs/golem/internal/codegraph/query.go:101.54,103.5 1 0
github.com/fugue-labs/golem/internal/codegraph/query.go:106.2,106.20 1 0
github.com/fugue-labs/golem/internal/codegraph/query.go:106.20,108.3 1 0
github.com/fugue-labs/golem/internal/codegraph/query.go:110.2,111.27 2 0
github.com/fugue-labs/golem/internal/codegraph/query.go:111.27,116.17 4 0
github.com/fugue-labs/golem/internal/codegraph/query.go:116.17,118.4 1 0
github.com/fugue-labs/golem/internal/codegraph/query.go:118.9,120.4 1 0
github.com/fugue-labs/golem/internal/codegraph/query.go:122.3,122.22 1 0
github.com/fugue-labs/golem/internal/codegraph/query.go:122.22,124.4 1 0
github.com/fugue-labs/golem/internal/codegraph/query.go:124.9,134.28 4 0
github.com/fugue-labs/golem/internal/codegraph/query.go:134.28,136.19 2 0
github.com/fugue-labs/golem/internal/codegraph/query.go:136.19,144.6 2 0
github.com/fugue-labs/golem/internal/codegraph/query.go:146.4,146.44 1 0
github.com/fugue-labs/golem/internal/codegraph/query.go:146.44,147.43 1 0
github.com/fugue-labs/golem/internal/codegraph/query.go:147.43,149.6 1 0
github.com/fugue-labs/golem/internal/codegraph/query.go:150.5,150.45 1 0
github.com/fugue-labs/golem/internal/codegraph/query.go:153.4,153.30 1 0
github.com/fugue-labs/golem/internal/codegraph/query.go:153.30,155.21 2 0
github.com/fugue-labs/golem/internal/codegraph/query.go:155.21,157.6 1 0
github.com/fugue-labs/golem/internal/codegraph/query.go:158.5,158.22 1 0
github.com/fugue-labs/golem/internal/codegraph/query.go:161.3,161.20 1 0
github.com/fugue-labs/golem/internal/codegraph/query.go:164.2,164.24 1 0
github.com/fugue-labs/golem/internal/codegraph/query.go:168.64,170.20 2 0
github.com/fugue-labs/golem/internal/codegraph/query.go:170.20,172.3 1 0
github.com/fugue-labs/golem/internal/codegraph/query.go:174.2,175.27 2 0
github.com/fugue-labs/golem/internal/codegraph/query.go:175.27,180.22 4 0
github.com/fugue-labs/golem/internal/codegraph/query.go:180.22,182.4 1 0
github.com/fugue-labs/golem/internal/codegraph/query.go:182.9,184.28 2 0
github.com/fugue-labs/golem/internal/codegraph/query.go:184.28,185.20 1 0
github.com/fugue-labs/golem/internal/codegraph/query.go:185.20,188.6 2 0
github.com/fugue-labs/golem/internal/codegraph/query.go:191.3,191.20 1 0
github.com/fugue-labs/golem/internal/codegraph/query.go:194.2,194.24 1 0
github.com/fugue-labs/golem/internal/codegraph/query.go:198.65,201.19 2 0
github.com/fugue-labs/golem/internal/codegraph/query.go:202.21,205.21 3 0
github.com/fugue-labs/golem/internal/codegraph/query.go:205.21,207.4 1 0
github.com/fugue-labs/golem/internal/codegraph/query.go:207.9,209.27 2 0
github.com/fugue-labs/golem/internal/codegraph/query.go:209.27,211.5 1 0
github.com/fugue-labs/golem/internal/codegraph/query.go:214.35,217.21 3 0
github.com/fugue-labs/golem/internal/codegraph/query.go:217.21,219.4 1 0
github.com/fugue-labs/golem/internal/codegraph/query.go:219.9,221.27 2 0
github.com/fugue-labs/golem/internal/codegraph/query.go:221.27,223.5 1 0
github.com/fugue-labs/golem/internal/codegraph/query.go:226.14,232.24 5 0
github.com/fugue-labs/golem/internal/codegraph/query.go:232.24,234.4 1 0
github.com/fugue-labs/golem/internal/codegraph/query.go:234.9,236.30 2 0
github.com/fugue-labs/golem/internal/codegraph/query.go:236.30,238.5 1 0
github.com/fugue-labs/golem/internal/codegraph/query.go:241.3,242.27 2 0
github.com/fugue-labs/golem/internal/codegraph/query.go:242.27,244.4 1 0
github.com/fugue-labs/golem/internal/codegraph/query.go:244.9,246.33 2 0
github.com/fugue-labs/golem/internal/codegraph/query.go:246.33,248.5 1 0
github.com/fugue-labs/golem/internal/codegraph/query.go:251.10,252.93 1 0
github.com/fugue-labs/golem/internal/codegraph/query.go:256.2,256.29 1 0
github.com/fugue-labs/golem/internal/codegraph/query.go:256.29,260.26 4 0
github.com/fugue-labs/golem/internal/codegraph/query.go:260.26,263.4 2 0
github.com/fugue-labs/golem/internal/codegraph/query.go:266.2,266.24 1 0
github.com/fugue-labs/golem/internal/codegraph/query.go:270.67,273.15 2 0
github.com/fugue-labs/golem/internal/codegraph/query.go:274.45,277.21 2 0
github.com/fugue-labs/golem/internal/codegraph/query.go:277.21,279.4 1 0
github.com/fugue-labs/golem/internal/codegraph/query.go:281.3,281.28 1 0
github.com/fugue-labs/golem/internal/codegraph/query.go:281.28,282.33 1 0
github.com/fugue-labs/golem/internal/codegraph/query.go:282.33,285.28 2 0
github.com/fugue-labs/golem/internal/codegraph/query.go:285.28,287.6 1 0
github.com/fugue-labs/golem/internal/codegraph/query.go:288.5,288.29 1 0
github.com/fugue-labs/golem/internal/codegraph/query.go:288.29,290.6 1 0
github.com/fugue-labs/golem/internal/codegraph/query.go:292.5,293.25 2 0
github.com/fugue-labs/golem/internal/codegraph/query.go:293.25,295.32 2 0
github.com/fugue-labs/golem/internal/codegraph/query.go:295.32,297.7 1 0
github.com/fugue-labs/golem/internal/codegraph/query.go:300.5,301.24 2 0
github.com/fugue-labs/golem/internal/codegraph/query.go:301.24,303.6 1 0
github.com/fugue-labs/golem/internal/codegraph/query.go:304.5,304.13 1 0
github.com/fugue-labs/golem/internal/codegraph/query.go:307.4,309.28 3 0
github.com/fugue-labs/golem/internal/codegraph/query.go:309.28,311.5 1 0
github.com/fugue-labs/golem/internal/codegraph/query.go:313.4,314.23 2 0
github.com/fugue-labs/golem/internal/codegraph/query.go:314.23,316.5 1 0
github.com/fugue-labs/golem/internal/codegraph/query.go:316.10,318.32 2 0
github.com/fugue-labs/golem/internal/codegraph/query.go:318.32,320.6 1 0
github.com/fugue-labs/golem/internal/codegraph/query.go:324.17,326.21 2 0
github.com/fugue-labs/golem/internal/codegraph/query.go:326.21,328.4 1 0
github.com/fugue-labs/golem/internal/codegraph/query.go:329.3,329.28 1 0
github.com/fugue-labs/golem/internal/codegraph/query.go:329.28,332.30 3 0
github.com/fugue-labs/golem/internal/codegraph/query.go:332.30,334.5 1 0
github.com/fugue-labs/golem/internal/codegraph/query.go:337.19,339.21 2 0
github.com/fugue-labs/golem/internal/codegraph/query.go:339.21,341.4 1 0
github.com/fugue-labs/golem/internal/codegraph/query.go:342.3,342.28 1 0
github.com/fugue-labs/golem/internal/codegraph/query.go:342.28,346.27 2 0
github.com/fugue-labs/golem/internal/codegraph/query.go:346.27,348.34 2 0
github.com/fugue-labs/golem/internal/codegraph/query.go:348.34,350.6 1 0
github.com/fugue-labs/golem/internal/codegraph/query.go:354.4,355.33 2 0
github.com/fugue-labs/golem/internal/codegraph/query.go:355.33,356.55 1 0
github.com/fugue-labs/golem/internal/codegraph/query.go:356.55,358.6 1 0
github.com/fugue-labs/golem/internal/codegraph/query.go:360.4,360.27 1 0
github.com/fugue-labs/golem/internal/codegraph/query.go:360.27,362.34 2 0
github.com/fugue-labs/golem/internal/codegraph/query.go:362.34,364.6 1 0
github.com/fugue-labs/golem/internal/codegraph/query.go:368.4,369.23 2 0
github.com/fugue-labs/golem/internal/codegraph/query.go:369.23,371.30 2 0
github.com/fugue-labs/golem/internal/codegraph/query.go:371.30,373.6 1 0
github.com/fugue-labs/golem/internal/codegraph/query.go:377.10,378.94 1 0
github.com/fugue-labs/golem/internal/codegraph/query.go:381.2,381.24 1 0
github.com/fugue-labs/golem/internal/codegraph/query.go:385.61,387.20 2 0
github.com/fugue-labs/golem/internal/codegraph/query.go:387.20,389.3 1 0
github.com/fugue-labs/golem/internal/codegraph/query.go:391.2,392.27 2 0
github.com/fugue-labs/golem/internal/codegraph/query.go:392.27,397.29 4 0
github.com/fugue-labs/golem/internal/codegraph/query.go:397.29,398.75 1 0
github.com/fugue-labs/golem/internal/codegraph/query.go:398.75,400.5 1 0
github.com/fugue-labs/golem/internal/codegraph/query.go:403.3,403.21 1 0
github.com/fugue-labs/golem/internal/codegraph/query.go:403.21,405.4 1 0
github.com/fugue-labs/golem/internal/codegraph/query.go:405.9,406.41 1 0
github.com/fugue-labs/golem/internal/codegraph/query.go:406.41,407.37 1 0
github.com/fugue-labs/golem/internal/codegraph/query.go:407.37,409.6 1 0
github.com/fugue-labs/golem/internal/codegraph/query.go:410.5,410.39 1 0
github.com/fugue-labs/golem/internal/codegraph/query.go:412.4,413.27 2 0
github.com/fugue-labs/golem/internal/codegraph/query.go:413.27,415.18 2 0
github.com/fugue-labs/golem/internal/codegraph/query.go:415.18,416.14 1 0
github.com/fugue-labs/golem/internal/codegraph/query.go:418.5,419.79 2 0
github.com/fugue-labs/golem/internal/codegraph/query.go:422.3,422.20 1 0
github.com/fugue-labs/golem/internal/codegraph/query.go:425.2,425.24 1 0
github.com/fugue-labs/golem/internal/codegraph/query.go:429.34,441.2 10 0
github.com/fugue-labs/golem/internal/codegraph/query.go:443.57,445.30 2 0
github.com/fugue-labs/golem/internal/codegraph/query.go:445.30,446.81 1 0
github.com/fugue-labs/golem/internal/codegraph/query.go:446.81,448.4 1 0
github.com/fugue-labs/golem/internal/codegraph/query.go:450.2,450.42 1 0
github.com/fugue-labs/golem/internal/codegraph/query.go:450.42,452.3 1 0
github.com/fugue-labs/golem/internal/codegraph/query.go:453.2,453.16 1 0
github.com/fugue-labs/golem/internal/codegraph/query.go:456.38,457.21 1 5
github.com/fugue-labs/golem/internal/codegraph/query.go:457.21,459.3 1 0
github.com/fugue-labs/golem/internal/codegraph/query.go:460.2,460.42 1 5
github.com/fugue-labs/golem/internal/search/bm25.go:34.24,38.2 1 6
github.com/fugue-labs/golem/internal/search/bm25.go:41.40,45.27 4 29
github.com/fugue-labs/golem/internal/search/bm25.go:45.27,47.15 2 134
github.com/fugue-labs/golem/internal/search/bm25.go:47.15,50.4 2 134
github.com/fugue-labs/golem/internal/search/bm25.go:53.2,59.32 5 29
github.com/fugue-labs/golem/internal/search/bm25.go:59.32,61.3 1 226
github.com/fugue-labs/golem/internal/search/bm25.go:62.2,62.55 1 29
github.com/fugue-labs/golem/internal/search/bm25.go:74.65,75.24 1 5
github.com/fugue-labs/golem/internal/search/bm25.go:75.24,77.3 1 1
github.com/fugue-labs/golem/internal/search/bm25.go:79.2,80.27 2 4
github.com/fugue-labs/golem/internal/search/bm25.go:80.27,82.3 1 0
github.com/fugue-labs/golem/internal/search/bm25.go:84.2,87.33 3 4
github.com/fugue-labs/golem/internal/search/bm25.go:87.33,89.10 2 8
github.com/fugue-labs/golem/internal/search/bm25.go:89.10,90.12 1 2
github.com/fugue-labs/golem/internal/search/bm25.go:93.3,95.35 2 6
github.com/fugue-labs/golem/internal/search/bm25.go:95.35,97.14 2 52
github.com/fugue-labs/golem/internal/search/bm25.go:97.14,98.13 1 6
github.com/fugue-labs/golem/internal/search/bm25.go:100.4,102.49 3 46
github.com/fugue-labs/golem/internal/search/bm25.go:107.2,108.27 2 4
github.com/fugue-labs/golem/internal/search/bm25.go:108.27,109.12 1 27
github.com/fugue-labs/golem/internal/search/bm25.go:109.12,115.4 1 24
github.com/fugue-labs/golem/internal/search/bm25.go:119.2,119.36 1 4
github.com/fugue-labs/golem/internal/search/bm25.go:119.36,120.67 1 21
github.com/fugue-labs/golem/internal/search/bm25.go:120.67,122.4 1 0
github.com/fugue-labs/golem/internal/search/bm25.go:125.2,125.49 1 4
github.com/fugue-labs/golem/internal/search/bm25.go:125.49,127.3 1 1
github.com/fugue-labs/golem/internal/search/bm25.go:128.2,128.16 1 4
github.com/fugue-labs/golem/internal/search/bm25.go:132.29,134.2 1 2
github.com/fugue-labs/golem/internal/search/bm25.go:137.37,138.71 1 35
github.com/fugue-labs/golem/internal/search/bm25.go:138.71,140.3 1 940
github.com/fugue-labs/golem/internal/search/bm25.go:142.2,143.26 2 35
github.com/fugue-labs/golem/internal/search/bm25.go:143.26,144.33 1 157
github.com/fugue-labs/golem/internal/search/bm25.go:144.33,145.12 1 11
github.com/fugue-labs/golem/internal/search/bm25.go:147.3,147.33 1 146
github.com/fugue-labs/golem/internal/search/bm25.go:149.2,149.17 1 35
github.com/fugue-labs/golem/internal/search/session_index.go:41.95,43.16 2 0
github.com/fugue-labs/golem/internal/search/session_index.go:43.16,45.3 1 0
github.com/fugue-labs/golem/internal/search/session_index.go:47.2,52.16 4 0
github.com/fugue-labs/golem/internal/search/session_index.go:52.16,53.25 1 0
github.com/fugue-labs/golem/internal/search/session_index.go:53.25,55.4 1 0
github.com/fugue-labs/golem/internal/search/session_index.go:56.3,56.18 1 0
github.com/fugue-labs/golem/internal/search/session_index.go:59.2,59.32 1 0
github.com/fugue-labs/golem/internal/search/session_index.go:59.32,60.21 1 0
github.com/fugue-labs/golem/internal/search/session_index.go:60.21,61.12 1 0
github.com/fugue-labs/golem/internal/search/session_index.go:63.3,65.17 3 0
github.com/fugue-labs/golem/internal/search/session_index.go:65.17,66.12 1 0
github.com/fugue-labs/golem/internal/search/session_index.go:69.3,69.31 1 0
github.com/fugue-labs/golem/internal/search/session_index.go:69.31,70.60 1 0
github.com/fugue-labs/golem/internal/search/session_index.go:70.60,71.13 1 0
github.com/fugue-labs/golem/internal/search/session_index.go:73.4,75.18 3 0
github.com/fugue-labs/golem/internal/search/session_index.go:75.18,76.13 1 0
github.com/fugue-labs/golem/internal/search/session_index.go:80.4,80.52 1 0
github.com/fugue-labs/golem/internal/search/session_index.go:80.52,81.13 1 0
github.com/fugue-labs/golem/internal/search/session_index.go:84.4,85.18 2 0
github.com/fugue-labs/golem/internal/search/session_index.go:85.18,86.13 1 0
github.com/fugue-labs/golem/internal/search/session_index.go:89.4,96.6 3 0
github.com/fugue-labs/golem/internal/search/session_index.go:100.2,103.28 3 0
github.com/fugue-labs/golem/internal/search/session_index.go:103.28,105.33 1 0
github.com/fugue-labs/golem/internal/search/session_index.go:105.33,106.28 1 0
github.com/fugue-labs/golem/internal/search/session_index.go:106.28,115.10 2 0
github.com/fugue-labs/golem/internal/search/session_index.go:119.2,119.17 1 0
github.com/fugue-labs/golem/internal/search/session_index.go:123.39,125.16 2 0
github.com/fugue-labs/golem/internal/search/session_index.go:125.16,127.3 1 0
github.com/fugue-labs/golem/internal/search/session_index.go:129.2,130.16 2 0
github.com/fugue-labs/golem/internal/search/session_index.go:130.16,131.25 1 0
github.com/fugue-labs/golem/internal/search/session_index.go:131.25,133.4 1 0
github.com/fugue-labs/golem/internal/search/session_index.go:134.3,134.18 1 0
github.com/fugue-labs/golem/internal/search/session_index.go:137.2,138.32 2 0
github.com/fugue-labs/golem/internal/search/session_index.go:138.32,139.21 1 0
github.com/fugue-labs/golem/internal/search/session_index.go:139.21,140.12 1 0
github.com/fugue-labs/golem/internal/search/session_index.go:142.3,144.17 3 0
github.com/fugue-labs/golem/internal/search/session_index.go:144.17,145.12 1 0
github.com/fugue-labs/golem/internal/search/session_index.go:148.3,149.31 2 0
github.com/fugue-labs/golem/internal/search/session_index.go:149.31,150.60 1 0
github.com/fugue-labs/golem/internal/search/session_index.go:150.60,152.5 1 0
github.com/fugue-labs/golem/internal/search/session_index.go:154.3,154.26 1 0
github.com/fugue-labs/golem/internal/search/session_index.go:154.26,155.12 1 0
github.com/fugue-labs/golem/internal/search/session_index.go:157.3,159.17 3 0
github.com/fugue-labs/golem/internal/search/session_index.go:159.17,160.12 1 0
github.com/fugue-labs/golem/internal/search/session_index.go:162.3,162.23 1 0
github.com/fugue-labs/golem/internal/search/session_index.go:162.23,164.4 1 0
github.com/fugue-labs/golem/internal/search/session_index.go:166.2,166.22 1 0
github.com/fugue-labs/golem/internal/search/session_index.go:176.40,178.16 2 0
github.com/fugue-labs/golem/internal/search/session_index.go:178.16,180.3 1 0
github.com/fugue-labs/golem/internal/search/session_index.go:181.2,181.55 1 0
github.com/fugue-labs/golem/internal/search/session_index.go:184.57,186.16 2 0
github.com/fugue-labs/golem/internal/search/session_index.go:186.16,188.3 1 0
github.com/fugue-labs/golem/internal/search/session_index.go:189.2,190.49 2 0
github.com/fugue-labs/golem/internal/search/session_index.go:190.49,192.3 1 0
github.com/fugue-labs/golem/internal/search/session_index.go:193.2,193.17 1 0
github.com/fugue-labs/golem/internal/search/session_index.go:198.49,202.21 2 0
github.com/fugue-labs/golem/internal/search/session_index.go:202.21,205.3 2 0
github.com/fugue-labs/golem/internal/search/session_index.go:208.2,209.63 2 0
github.com/fugue-labs/golem/internal/search/session_index.go:209.63,212.3 1 0
github.com/fugue-labs/golem/internal/search/session_index.go:214.2,214.31 1 0
github.com/fugue-labs/golem/internal/search/session_index.go:214.31,215.40 1 0
github.com/fugue-labs/golem/internal/search/session_index.go:216.15,218.23 2 0
github.com/fugue-labs/golem/internal/search/session_index.go:219.14,221.34 1 0
github.com/fugue-labs/golem/internal/search/session_index.go:221.34,222.44 1 0
github.com/fugue-labs/golem/internal/search/session_index.go:222.44,223.44 1 0
github.com/fugue-labs/golem/internal/search/session_index.go:223.44,226.7 2 0
github.com/fugue-labs/golem/internal/search/session_index.go:232.2,232.19 1 0
github.com/fugue-labs/golem/internal/search/session_index.go:236.60,241.34 4 1
github.com/fugue-labs/golem/internal/search/session_index.go:241.34,243.49 2 1
github.com/fugue-labs/golem/internal/search/session_index.go:243.49,245.4 1 1
github.com/fugue-labs/golem/internal/search/session_index.go:248.2,248.17 1 1
github.com/fugue-labs/golem/internal/search/session_index.go:248.17,250.25 1 0
github.com/fugue-labs/golem/internal/search/session_index.go:250.25,252.4 1 0
github.com/fugue-labs/golem/internal/search/session_index.go:253.3,253.14 1 0
github.com/fugue-labs/golem/internal/search/session_index.go:257.2,258.15 2 1
github.com/fugue-labs/golem/internal/search/session_index.go:258.15,260.3 1 0
github.com/fugue-labs/golem/internal/search/session_index.go:261.2,262.21 2 1
github.com/fugue-labs/golem/internal/search/session_index.go:262.21,264.3 1 1
github.com/fugue-labs/golem/internal/search/session_index.go:266.2,268.15 2 1
github.com/fugue-labs/golem/internal/search/session_index.go:268.15,269.67 1 1
github.com/fugue-labs/golem/internal/search/session_index.go:269.67,271.4 1 1
github.com/fugue-labs/golem/internal/search/session_index.go:272.3,272.28 1 1
github.com/fugue-labs/golem/internal/search/session_index.go:274.2,274.21 1 1
github.com/fugue-labs/golem/internal/search/session_index.go:274.21,275.84 1 0
github.com/fugue-labs/golem/internal/search/session_index.go:275.84,277.4 1 0
github.com/fugue-labs/golem/internal/search/session_index.go:278.3,278.19 1 0
github.com/fugue-labs/golem/internal/search/session_index.go:282.2,283.16 2 1
github.com/fugue-labs/golem/main.go:29.13,31.2 1 0
github.com/fugue-labs/golem/main.go:33.52,34.20 1 3
github.com/fugue-labs/golem/main.go:34.20,35.18 1 3
github.com/fugue-labs/golem/main.go:36.16,38.22 2 0
github.com/fugue-labs/golem/main.go:38.22,40.5 1 0
github.com/fugue-labs/golem/main.go:41.4,43.54 3 0
github.com/fugue-labs/golem/main.go:43.54,46.5 2 0
github.com/fugue-labs/golem/main.go:47.4,47.12 1 0
github.com/fugue-labs/golem/main.go:48.17,49.39 1 0
github.com/fugue-labs/golem/main.go:49.39,52.5 2 0
github.com/fugue-labs/golem/main.go:53.4,53.12 1 0
github.com/fugue-labs/golem/main.go:54.20,56.22 2 1
github.com/fugue-labs/golem/main.go:56.22,58.5 1 1
github.com/fugue-labs/golem/main.go:59.4,59.46 1 1
github.com/fugue-labs/golem/main.go:60.28,61.60 1 2
github.com/fugue-labs/golem/main.go:62.22,63.55 1 0
github.com/fugue-labs/golem/main.go:67.2,68.16 2 0
github.com/fugue-labs/golem/main.go:68.16,71.3 2 0
github.com/fugue-labs/golem/main.go:73.2,74.28 2 0
github.com/fugue-labs/golem/main.go:74.28,77.3 2 0
github.com/fugue-labs/golem/main.go:78.2,78.34 1 0
github.com/fugue-labs/golem/main.go:78.34,80.3 1 0
github.com/fugue-labs/golem/main.go:84.2,85.16 2 0
github.com/fugue-labs/golem/main.go:85.16,88.3 2 0
github.com/fugue-labs/golem/main.go:90.2,94.19 2 0
github.com/fugue-labs/golem/main.go:94.19,97.3 2 0
github.com/fugue-labs/golem/main.go:99.2,101.35 3 0
github.com/fugue-labs/golem/main.go:101.35,104.3 2 0
github.com/fugue-labs/golem/main.go:105.2,105.10 1 0
github.com/fugue-labs/golem/main.go:108.79,110.9 2 2
github.com/fugue-labs/golem/main.go:110.9,111.15 1 0
github.com/fugue-labs/golem/main.go:112.18,113.57 1 0
github.com/fugue-labs/golem/main.go:114.11,115.56 1 0
github.com/fugue-labs/golem/main.go:117.3,117.11 1 0
github.com/fugue-labs/golem/main.go:120.2,121.16 2 2
github.com/fugue-labs/golem/main.go:121.16,122.17 1 0
github.com/fugue-labs/golem/main.go:122.17,124.4 1 0
github.com/fugue-labs/golem/main.go:124.9,126.4 1 0
github.com/fugue-labs/golem/main.go:127.3,127.11 1 0
github.com/fugue-labs/golem/main.go:130.2,132.23 3 2
github.com/fugue-labs/golem/main.go:132.23,134.3 1 0
github.com/fugue-labs/golem/main.go:135.2,137.16 2 2
github.com/fugue-labs/golem/main.go:137.16,140.44 3 1
github.com/fugue-labs/golem/main.go:140.44,141.16 1 0
github.com/fugue-labs/golem/main.go:142.19,143.62 1 0
github.com/fugue-labs/golem/main.go:144.12,145.61 1 0
github.com/fugue-labs/golem/main.go:147.4,147.12 1 0
github.com/fugue-labs/golem/main.go:149.8,150.15 1 1
github.com/fugue-labs/golem/main.go:151.17,152.56 1 0
github.com/fugue-labs/golem/main.go:153.18,154.57 1 1
github.com/fugue-labs/golem/main.go:158.2,158.49 1 2
github.com/fugue-labs/golem/main.go:158.49,160.3 1 0
github.com/fugue-labs/golem/main.go:161.2,161.10 1 2
github.com/fugue-labs/golem/main.go:164.59,167.35 3 0
github.com/fugue-labs/golem/main.go:167.35,170.3 2 0
github.com/fugue-labs/golem/main.go:171.2,171.10 1 0
github.com/fugue-labs/golem/main.go:174.48,175.20 1 2
github.com/fugue-labs/golem/main.go:175.20,177.3 1 1
github.com/fugue-labs/golem/main.go:178.2,178.43 1 1
github.com/fugue-labs/golem/main.go:178.43,180.3 1 1
github.com/fugue-labs/golem/main.go:181.2,181.21 1 0
github.com/fugue-labs/golem/main.go:184.70,186.19 2 0
github.com/fugue-labs/golem/main.go:186.19,188.3 1 0
github.com/fugue-labs/golem/main.go:190.2,190.13 1 0
github.com/fugue-labs/golem/main.go:191.14,193.17 2 0
github.com/fugue-labs/golem/main.go:193.17,196.4 2 0
github.com/fugue-labs/golem/main.go:197.3,198.11 2 0
github.com/fugue-labs/golem/main.go:200.15,202.17 2 0
github.com/fugue-labs/golem/main.go:202.17,205.4 2 0
github.com/fugue-labs/golem/main.go:206.3,206.17 1 0
github.com/fugue-labs/golem/main.go:206.17,211.4 4 0
github.com/fugue-labs/golem/main.go:213.3,217.43 4 0
github.com/fugue-labs/golem/main.go:217.43,220.4 2 0
github.com/fugue-labs/golem/main.go:221.3,221.11 1 0
github.com/fugue-labs/golem/main.go:223.16,225.11 2 0
github.com/fugue-labs/golem/main.go:227.14,230.11 3 0
github.com/fugue-labs/golem/main.go:232.10,235.11 3 0
github.com/fugue-labs/golem/internal/eval/cases.go:24.49,26.16 2 0
github.com/fugue-labs/golem/internal/eval/cases.go:26.16,28.3 1 0
github.com/fugue-labs/golem/internal/eval/cases.go:29.2,29.25 1 0
github.com/fugue-labs/golem/internal/eval/cases.go:32.50,34.53 2 1
github.com/fugue-labs/golem/internal/eval/cases.go:34.53,36.3 1 0
github.com/fugue-labs/golem/internal/eval/cases.go:37.2,37.23 1 1
github.com/fugue-labs/golem/internal/eval/cases.go:37.23,41.76 4 4
github.com/fugue-labs/golem/internal/eval/cases.go:41.76,43.4 1 0
github.com/fugue-labs/golem/internal/eval/cases.go:45.2,45.19 1 1
github.com/fugue-labs/golem/internal/eval/cases.go:48.45,50.2 1 1
github.com/fugue-labs/golem/internal/eval/run_summary.go:55.173,62.19 2 3
github.com/fugue-labs/golem/internal/eval/run_summary.go:62.19,64.3 1 1
github.com/fugue-labs/golem/internal/eval/run_summary.go:66.2,67.31 2 3
github.com/fugue-labs/golem/internal/eval/run_summary.go:67.31,68.17 1 4
github.com/fugue-labs/golem/internal/eval/run_summary.go:68.17,69.12 1 0
github.com/fugue-labs/golem/internal/eval/run_summary.go:71.3,78.36 2 4
github.com/fugue-labs/golem/internal/eval/run_summary.go:78.36,86.73 2 1
github.com/fugue-labs/golem/internal/eval/run_summary.go:86.73,88.5 1 1
github.com/fugue-labs/golem/internal/eval/run_summary.go:92.2,95.45 4 3
github.com/fugue-labs/golem/internal/eval/run_summary.go:95.45,97.3 1 1
github.com/fugue-labs/golem/internal/eval/run_summary.go:98.2,108.16 3 3
github.com/fugue-labs/golem/internal/eval/run_summary.go:111.36,112.16 1 3
github.com/fugue-labs/golem/internal/eval/run_summary.go:112.16,114.3 1 2
github.com/fugue-labs/golem/internal/eval/run_summary.go:115.2,115.38 1 1
github.com/fugue-labs/golem/internal/eval/run_summary.go:115.38,117.3 1 1
github.com/fugue-labs/golem/internal/eval/run_summary.go:118.2,118.16 1 0
github.com/fugue-labs/golem/internal/eval/run_summary.go:121.48,122.14 1 4
github.com/fugue-labs/golem/internal/eval/run_summary.go:123.21,124.16 1 1
github.com/fugue-labs/golem/internal/eval/run_summary.go:125.26,126.21 1 2
github.com/fugue-labs/golem/internal/eval/run_summary.go:127.25,128.21 1 1
github.com/fugue-labs/golem/internal/eval/run_summary.go:129.25,130.20 1 0
github.com/fugue-labs/golem/internal/eval/run_summary.go:131.22,132.17 1 0
github.com/fugue-labs/golem/internal/eval/run_summary.go:133.10,134.19 1 0
github.com/fugue-labs/golem/internal/eval/run_summary.go:138.48,139.16 1 5
github.com/fugue-labs/golem/internal/eval/run_summary.go:140.24,141.19 1 0
github.com/fugue-labs/golem/internal/eval/run_summary.go:142.24,143.19 1 2
github.com/fugue-labs/golem/internal/eval/run_summary.go:144.22,145.17 1 0
github.com/fugue-labs/golem/internal/eval/run_summary.go:146.10,147.19 1 3
github.com/fugue-labs/golem/internal/eval/run_summary.go:151.62,152.67 1 1
github.com/fugue-labs/golem/internal/eval/run_summary.go:152.67,154.3 1 0
github.com/fugue-labs/golem/internal/eval/run_summary.go:155.2,156.63 2 1
github.com/fugue-labs/golem/internal/eval/run_summary.go:156.63,158.3 1 0
github.com/fugue-labs/golem/internal/eval/run_summary.go:159.2,160.52 2 1
github.com/fugue-labs/golem/internal/eval/run_summary.go:160.52,161.76 1 2
github.com/fugue-labs/golem/internal/eval/run_summary.go:161.76,163.4 1 1
github.com/fugue-labs/golem/internal/eval/run_summary.go:165.2,165.14 1 1
github.com/fugue-labs/golem/internal/eval/run_summary.go:168.43,169.37 1 1
github.com/fugue-labs/golem/internal/eval/run_summary.go:170.37,171.14 1 1
github.com/fugue-labs/golem/internal/eval/run_summary.go:172.10,173.15 1 0
github.com/fugue-labs/golem/internal/eval/run_summary.go:177.56,179.26 2 3
github.com/fugue-labs/golem/internal/eval/run_summary.go:179.26,181.3 1 1
github.com/fugue-labs/golem/internal/eval/run_summary.go:182.2,183.15 2 3
github.com/fugue-labs/golem/internal/mission/controller.go:23.45,25.2 1 5
github.com/fugue-labs/golem/internal/mission/controller.go:28.36,30.2 1 3
github.com/fugue-labs/golem/internal/mission/controller.go:33.101,47.54 3 4
github.com/fugue-labs/golem/internal/mission/controller.go:47.54,49.3 1 0
github.com/fugue-labs/golem/internal/mission/controller.go:50.2,55.15 2 4
github.com/fugue-labs/golem/internal/mission/controller.go:59.83,61.2 1 8
github.com/fugue-labs/golem/internal/mission/controller.go:64.97,66.16 2 0
github.com/fugue-labs/golem/internal/mission/controller.go:66.16,68.3 1 0
github.com/fugue-labs/golem/internal/mission/controller.go:69.2,69.20 1 0
github.com/fugue-labs/golem/internal/mission/controller.go:69.20,71.3 1 0
github.com/fugue-labs/golem/internal/mission/controller.go:72.2,72.21 1 0
github.com/fugue-labs/golem/internal/mission/controller.go:77.101,82.16 4 4
github.com/fugue-labs/golem/internal/mission/controller.go:82.16,84.3 1 0
github.com/fugue-labs/golem/internal/mission/controller.go:85.2,85.61 1 4
github.com/fugue-labs/golem/internal/mission/controller.go:85.61,87.3 1 0
github.com/fugue-labs/golem/internal/mission/controller.go:89.2,90.16 2 4
github.com/fugue-labs/golem/internal/mission/controller.go:90.16,92.3 1 0
github.com/fugue-labs/golem/internal/mission/controller.go:93.2,93.28 1 4
github.com/fugue-labs/golem/internal/mission/controller.go:93.28,95.3 1 0
github.com/fugue-labs/golem/internal/mission/controller.go:96.2,97.16 2 4
github.com/fugue-labs/golem/internal/mission/controller.go:97.16,99.3 1 0
github.com/fugue-labs/golem/internal/mission/controller.go:100.2,100.27 1 4
github.com/fugue-labs/golem/internal/mission/controller.go:100.27,102.3 1 0
github.com/fugue-labs/golem/internal/mission/controller.go:104.2,105.16 2 4
github.com/fugue-labs/golem/internal/mission/controller.go:105.16,107.3 1 0
github.com/fugue-labs/golem/internal/mission/controller.go:108.2,110.53 2 4
github.com/fugue-labs/golem/internal/mission/controller.go:110.53,112.3 1 0
github.com/fugue-labs/golem/internal/mission/controller.go:114.2,116.16 3 4
github.com/fugue-labs/golem/internal/mission/controller.go:116.16,118.3 1 0
github.com/fugue-labs/golem/internal/mission/controller.go:119.2,126.15 3 4
github.com/fugue-labs/golem/internal/mission/controller.go:126.15,127.30 1 4
github.com/fugue-labs/golem/internal/mission/controller.go:127.30,129.4 1 4
github.com/fugue-labs/golem/internal/mission/controller.go:130.3,130.76 1 0
github.com/fugue-labs/golem/internal/mission/controller.go:130.76,132.4 1 0
github.com/fugue-labs/golem/internal/mission/controller.go:135.2,135.36 1 4
github.com/fugue-labs/golem/internal/mission/controller.go:135.36,151.52 2 6
github.com/fugue-labs/golem/internal/mission/controller.go:151.52,153.4 1 0
github.com/fugue-labs/golem/internal/mission/controller.go:154.3,154.66 1 6
github.com/fugue-labs/golem/internal/mission/controller.go:157.2,157.44 1 4
github.com/fugue-labs/golem/internal/mission/controller.go:157.44,158.57 1 2
github.com/fugue-labs/golem/internal/mission/controller.go:158.57,160.4 1 0
[...]
github.com/fugue-labs/golem/internal/ui/dashboard/dashboard.go:1059.2,1060.17 2 1
github.com/fugue-labs/golem/internal/ui/dashboard/dashboard.go:1060.17,1062.3 1 1
github.com/fugue-labs/golem/internal/ui/dashboard/dashboard.go:1063.2,1063.20 1 1
github.com/fugue-labs/golem/internal/ui/dashboard/dashboard.go:1063.20,1065.3 1 1
github.com/fugue-labs/golem/internal/ui/dashboard/dashboard.go:1066.2,1066.25 1 1
github.com/fugue-labs/golem/internal/ui/dashboard/dashboard.go:1066.25,1068.3 1 1
github.com/fugue-labs/golem/internal/ui/dashboard/dashboard.go:1069.2,1069.40 1 1
github.com/fugue-labs/golem/internal/ui/dashboard/dashboard.go:1069.40,1071.3 1 1
github.com/fugue-labs/golem/internal/ui/dashboard/dashboard.go:1073.2,1075.27 3 1
github.com/fugue-labs/golem/internal/ui/dashboard/dashboard.go:1075.27,1077.3 1 1
github.com/fugue-labs/golem/internal/ui/dashboard/dashboard.go:1079.2,1083.14 5 1
github.com/fugue-labs/golem/internal/ui/dashboard/dashboard.go:1087.60,1092.23 4 1
github.com/fugue-labs/golem/internal/ui/dashboard/dashboard.go:1092.23,1094.27 2 0
github.com/fugue-labs/golem/internal/ui/dashboard/dashboard.go:1094.27,1096.4 1 0
github.com/fugue-labs/golem/internal/ui/dashboard/dashboard.go:1097.3,1097.24 1 0
github.com/fugue-labs/golem/internal/ui/dashboard/dashboard.go:1100.2,1101.27 2 1
github.com/fugue-labs/golem/internal/ui/dashboard/dashboard.go:1101.27,1103.3 1 3
github.com/fugue-labs/golem/internal/ui/dashboard/dashboard.go:1105.2,1119.27 4 1
github.com/fugue-labs/golem/internal/ui/dashboard/dashboard.go:1119.27,1121.29 2 6
github.com/fugue-labs/golem/internal/ui/dashboard/dashboard.go:1121.29,1122.31 1 24
github.com/fugue-labs/golem/internal/ui/dashboard/dashboard.go:1122.31,1123.22 1 44
github.com/fugue-labs/golem/internal/ui/dashboard/dashboard.go:1123.22,1125.11 2 4
github.com/fugue-labs/golem/internal/ui/dashboard/dashboard.go:1129.3,1129.27 1 6
github.com/fugue-labs/golem/internal/ui/dashboard/dashboard.go:1129.27,1130.12 1 4
github.com/fugue-labs/golem/internal/ui/dashboard/dashboard.go:1133.3,1134.32 2 2
github.com/fugue-labs/golem/internal/ui/dashboard/dashboard.go:1134.32,1136.110 2 4
github.com/fugue-labs/golem/internal/ui/dashboard/dashboard.go:1136.110,1138.5 1 0
github.com/fugue-labs/golem/internal/ui/dashboard/dashboard.go:1138.10,1140.5 1 4
github.com/fugue-labs/golem/internal/ui/dashboard/dashboard.go:1141.4,1144.47 4 4
github.com/fugue-labs/golem/internal/ui/dashboard/dashboard.go:1144.47,1147.5 2 3
github.com/fugue-labs/golem/internal/ui/dashboard/dashboard.go:1149.3,1149.34 1 2
github.com/fugue-labs/golem/internal/ui/dashboard/dashboard.go:1152.2,1152.58 1 1
github.com/fugue-labs/golem/internal/ui/dashboard/dashboard.go:1152.58,1154.3 1 1
github.com/fugue-labs/golem/internal/ui/dashboard/dashboard.go:1155.2,1155.28 1 1
github.com/fugue-labs/golem/internal/ui/dashboard/dashboard.go:1155.28,1158.3 2 0
github.com/fugue-labs/golem/internal/ui/dashboard/dashboard.go:1159.2,1160.27 2 1
github.com/fugue-labs/golem/internal/ui/dashboard/dashboard.go:1160.27,1162.3 1 0
github.com/fugue-labs/golem/internal/ui/dashboard/dashboard.go:1163.2,1165.26 2 1
github.com/fugue-labs/golem/internal/ui/dashboard/dashboard.go:1165.26,1167.3 1 5
github.com/fugue-labs/golem/internal/ui/dashboard/dashboard.go:1168.2,1168.23 1 1
github.com/fugue-labs/golem/internal/ui/dashboard/dashboard.go:1172.62,1178.27 5 1
github.com/fugue-labs/golem/internal/ui/dashboard/dashboard.go:1178.27,1179.70 1 4
github.com/fugue-labs/golem/internal/ui/dashboard/dashboard.go:1179.70,1181.4 1 4
github.com/fugue-labs/golem/internal/ui/dashboard/dashboard.go:1184.2,1184.26 1 1
github.com/fugue-labs/golem/internal/ui/dashboard/dashboard.go:1184.26,1186.27 2 0
github.com/fugue-labs/golem/internal/ui/dashboard/dashboard.go:1186.27,1188.4 1 0
github.com/fugue-labs/golem/internal/ui/dashboard/dashboard.go:1189.3,1189.24 1 0
github.com/fugue-labs/golem/internal/ui/dashboard/dashboard.go:1192.2,1193.28 2 1
github.com/fugue-labs/golem/internal/ui/dashboard/dashboard.go:1193.28,1195.3 1 4
github.com/fugue-labs/golem/internal/ui/dashboard/dashboard.go:1197.2,1199.31 3 1
github.com/fugue-labs/golem/internal/ui/dashboard/dashboard.go:1199.31,1204.37 4 4
github.com/fugue-labs/golem/internal/ui/dashboard/dashboard.go:1204.37,1207.4 2 4
github.com/fugue-labs/golem/internal/ui/dashboard/dashboard.go:1209.3,1210.27 2 4
github.com/fugue-labs/golem/internal/ui/dashboard/dashboard.go:1210.27,1212.4 1 4
github.com/fugue-labs/golem/internal/ui/dashboard/dashboard.go:1213.3,1213.27 1 4
github.com/fugue-labs/golem/internal/ui/dashboard/dashboard.go:1213.27,1215.4 1 4
github.com/fugue-labs/golem/internal/ui/dashboard/dashboard.go:1216.3,1216.25 1 4
github.com/fugue-labs/golem/internal/ui/dashboard/dashboard.go:1216.25,1218.4 1 4
github.com/fugue-labs/golem/internal/ui/dashboard/dashboard.go:1219.3,1219.22 1 4
github.com/fugue-labs/golem/internal/ui/dashboard/dashboard.go:1219.22,1221.4 1 0
github.com/fugue-labs/golem/internal/ui/dashboard/dashboard.go:1222.3,1222.34 1 4
github.com/fugue-labs/golem/internal/ui/dashboard/dashboard.go:1225.2,1226.27 2 1
github.com/fugue-labs/golem/internal/ui/dashboard/dashboard.go:1226.27,1227.136 1 4
github.com/fugue-labs/golem/internal/ui/dashboard/dashboard.go:1227.136,1229.4 1 0
github.com/fugue-labs/golem/internal/ui/dashboard/dashboard.go:1231.2,1231.25 1 1
github.com/fugue-labs/golem/internal/ui/dashboard/dashboard.go:1231.25,1233.32 2 0
github.com/fugue-labs/golem/internal/ui/dashboard/dashboard.go:1233.32,1235.37 2 0
github.com/fugue-labs/golem/internal/ui/dashboard/dashboard.go:1235.37,1237.5 1 0
github.com/fugue-labs/golem/internal/ui/dashboard/dashboard.go:1238.4,1239.96 2 0
github.com/fugue-labs/golem/internal/ui/dashboard/dashboard.go:1243.2,1243.58 1 1
github.com/fugue-labs/golem/internal/ui/dashboard/dashboard.go:1243.58,1245.3 1 1
github.com/fugue-labs/golem/internal/ui/dashboard/dashboard.go:1246.2,1246.28 1 1
github.com/fugue-labs/golem/internal/ui/dashboard/dashboard.go:1246.28,1249.3 2 0
github.com/fugue-labs/golem/internal/ui/dashboard/dashboard.go:1250.2,1251.27 2 1
github.com/fugue-labs/golem/internal/ui/dashboard/dashboard.go:1251.27,1253.3 1 0
github.com/fugue-labs/golem/internal/ui/dashboard/dashboard.go:1254.2,1256.26 2 1
github.com/fugue-labs/golem/internal/ui/dashboard/dashboard.go:1256.26,1258.3 1 10
github.com/fugue-labs/golem/internal/ui/dashboard/dashboard.go:1259.2,1259.23 1 1
github.com/fugue-labs/golem/internal/ui/dashboard/dashboard.go:1263.64,1273.27 8 1
github.com/fugue-labs/golem/internal/ui/dashboard/dashboard.go:1273.27,1274.38 1 4
github.com/fugue-labs/golem/internal/ui/dashboard/dashboard.go:1274.38,1275.12 1 3
github.com/fugue-labs/golem/internal/ui/dashboard/dashboard.go:1277.3,1277.72 1 1
github.com/fugue-labs/golem/internal/ui/dashboard/dashboard.go:1277.72,1278.12 1 1
github.com/fugue-labs/golem/internal/ui/dashboard/dashboard.go:1280.3,1282.36 3 0
github.com/fugue-labs/golem/internal/ui/dashboard/dashboard.go:1282.36,1285.4 2 0
github.com/fugue-labs/golem/internal/ui/dashboard/dashboard.go:1286.3,1287.20 2 0
github.com/fugue-labs/golem/internal/ui/dashboard/dashboard.go:1287.20,1289.4 1 0
github.com/fugue-labs/golem/internal/ui/dashboard/dashboard.go:1290.3,1291.71 2 0
github.com/fugue-labs/golem/internal/ui/dashboard/dashboard.go:1293.2,1293.26 1 1
github.com/fugue-labs/golem/internal/ui/dashboard/dashboard.go:1293.26,1296.3 2 0
github.com/fugue-labs/golem/internal/ui/dashboard/dashboard.go:1298.2,1299.32 2 1
github.com/fugue-labs/golem/internal/ui/dashboard/dashboard.go:1299.32,1300.42 1 1
github.com/fugue-labs/golem/internal/ui/dashboard/dashboard.go:1300.42,1301.12 1 0
github.com/fugue-labs/golem/internal/ui/dashboard/dashboard.go:1303.3,1304.114 2 1
github.com/fugue-labs/golem/internal/ui/dashboard/dashboard.go:1306.2,1306.28 1 1
github.com/fugue-labs/golem/internal/ui/dashboard/dashboard.go:1306.28,1309.3 2 1
github.com/fugue-labs/golem/internal/ui/dashboard/dashboard.go:1311.2,1312.27 2 1
github.com/fugue-labs/golem/internal/ui/dashboard/dashboard.go:1312.27,1313.71 1 4
github.com/fugue-labs/golem/internal/ui/dashboard/dashboard.go:1313.71,1314.12 1 4
github.com/fugue-labs/golem/internal/ui/dashboard/dashboard.go:1316.3,1317.20 2 0
github.com/fugue-labs/golem/internal/ui/dashboard/dashboard.go:1317.20,1319.4 1 0
github.com/fugue-labs/golem/internal/ui/dashboard/dashboard.go:1320.3,1321.112 2 0
github.com/fugue-labs/golem/internal/ui/dashboard/dashboard.go:1323.2,1323.27 1 1
github.com/fugue-labs/golem/internal/ui/dashboard/dashboard.go:1323.27,1326.3 2 0
github.com/fugue-labs/golem/internal/ui/dashboard/dashboard.go:1328.2,1329.32 2 1
github.com/fugue-labs/golem/internal/ui/dashboard/dashboard.go:1329.32,1331.18 2 0
github.com/fugue-labs/golem/internal/ui/dashboard/dashboard.go:1331.18,1333.4 1 0
github.com/fugue-labs/golem/internal/ui/dashboard/dashboard.go:1334.3,1335.19 2 0
github.com/fugue-labs/golem/internal/ui/dashboard/dashboard.go:1335.19,1337.4 1 0
github.com/fugue-labs/golem/internal/ui/dashboard/dashboard.go:1338.3,1339.114 2 0
github.com/fugue-labs/golem/internal/ui/dashboard/dashboard.go:1341.2,1341.28 1 1
github.com/fugue-labs/golem/internal/ui/dashboard/dashboard.go:1341.28,1344.3 2 0
github.com/fugue-labs/golem/internal/ui/dashboard/dashboard.go:1346.2,1346.24 1 1
github.com/fugue-labs/golem/internal/ui/dashboard/dashboard.go:1346.24,1348.3 1 0
github.com/fugue-labs/golem/internal/ui/dashboard/dashboard.go:1350.2,1350.28 1 1
github.com/fugue-labs/golem/internal/ui/dashboard/dashboard.go:1350.28,1353.3 2 0
github.com/fugue-labs/golem/internal/ui/dashboard/dashboard.go:1354.2,1355.27 2 1
github.com/fugue-labs/golem/internal/ui/dashboard/dashboard.go:1355.27,1357.3 1 0
github.com/fugue-labs/golem/internal/ui/dashboard/dashboard.go:1358.2,1360.26 2 1
github.com/fugue-labs/golem/internal/ui/dashboard/dashboard.go:1360.26,1362.3 1 7
github.com/fugue-labs/golem/internal/ui/dashboard/dashboard.go:1363.2,1363.23 1 1
github.com/fugue-labs/golem/internal/ui/dashboard/dashboard.go:1367.61,1374.42 6 1
github.com/fugue-labs/golem/internal/ui/dashboard/dashboard.go:1374.42,1377.21 3 2
github.com/fugue-labs/golem/internal/ui/dashboard/dashboard.go:1377.21,1379.4 1 0
github.com/fugue-labs/golem/internal/ui/dashboard/dashboard.go:1380.3,1381.95 2 2
github.com/fugue-labs/golem/internal/ui/dashboard/dashboard.go:1383.2,1383.24 1 1
github.com/fugue-labs/golem/internal/ui/dashboard/dashboard.go:1383.24,1385.3 1 0
github.com/fugue-labs/golem/internal/ui/dashboard/dashboard.go:1386.2,1386.28 1 1
github.com/fugue-labs/golem/internal/ui/dashboard/dashboard.go:1386.28,1389.3 2 0
github.com/fugue-labs/golem/internal/ui/dashboard/dashboard.go:1390.2,1391.27 2 1
github.com/fugue-labs/golem/internal/ui/dashboard/dashboard.go:1391.27,1393.3 1 0
github.com/fugue-labs/golem/internal/ui/dashboard/dashboard.go:1394.2,1396.26 2 1
github.com/fugue-labs/golem/internal/ui/dashboard/dashboard.go:1396.26,1398.3 1 0
github.com/fugue-labs/golem/internal/ui/dashboard/dashboard.go:1399.2,1399.23 1 1
github.com/fugue-labs/golem/internal/ui/dashboard/dashboard.go:1402.42,1404.2 1 11
github.com/fugue-labs/golem/internal/ui/dashboard/dashboard.go:1406.39,1414.25 2 12
github.com/fugue-labs/golem/internal/ui/dashboard/dashboard.go:1414.25,1416.3 1 1
github.com/fugue-labs/golem/internal/ui/dashboard/dashboard.go:1416.8,1418.3 1 11
github.com/fugue-labs/golem/internal/ui/dashboard/dashboard.go:1419.2,1420.97 2 12
github.com/fugue-labs/golem/internal/ui/dashboard/dashboard.go:1423.75,1425.35 2 4
github.com/fugue-labs/golem/internal/ui/dashboard/dashboard.go:1425.35,1427.3 1 4
github.com/fugue-labs/golem/internal/ui/dashboard/dashboard.go:1428.2,1428.84 1 4
github.com/fugue-labs/golem/internal/ui/dashboard/dashboard.go:1432.80,1437.13 5 5
github.com/fugue-labs/golem/internal/ui/dashboard/dashboard.go:1437.13,1442.3 4 2
github.com/fugue-labs/golem/internal/ui/dashboard/dashboard.go:1443.2,1445.61 3 5
github.com/fugue-labs/golem/internal/ui/dashboard/dashboard.go:1445.61,1448.3 2 2
github.com/fugue-labs/golem/internal/ui/dashboard/dashboard.go:1449.2,1449.50 1 5
github.com/fugue-labs/golem/internal/ui/dashboard/dashboard.go:1452.56,1458.2 1 9
github.com/fugue-labs/golem/internal/ui/dashboard/dashboard.go:1460.60,1462.2 1 20
github.com/fugue-labs/golem/internal/ui/dashboard/dashboard.go:1464.75,1466.9 2 24
github.com/fugue-labs/golem/internal/ui/dashboard/dashboard.go:1467.78,1468.33 1 6
github.com/fugue-labs/golem/internal/ui/dashboard/dashboard.go:1469.73,1470.33 1 11
github.com/fugue-labs/golem/internal/ui/dashboard/dashboard.go:1471.142,1472.33 1 2
github.com/fugue-labs/golem/internal/ui/dashboard/dashboard.go:1473.142,1474.33 1 2
github.com/fugue-labs/golem/internal/ui/dashboard/dashboard.go:1475.112,1476.30 1 0
github.com/fugue-labs/golem/internal/ui/dashboard/dashboard.go:1477.10,1478.30 1 3
github.com/fugue-labs/golem/internal/ui/dashboard/dashboard.go:1482.74,1485.31 3 1
github.com/fugue-labs/golem/internal/ui/dashboard/dashboard.go:1485.31,1487.3 1 1
github.com/fugue-labs/golem/internal/ui/dashboard/dashboard.go:1488.2,1489.15 2 1
github.com/fugue-labs/golem/internal/ui/dashboard/dashboard.go:1490.22,1491.72 1 0
github.com/fugue-labs/golem/internal/ui/dashboard/dashboard.go:1492.27,1493.76 1 1
github.com/fugue-labs/golem/internal/ui/dashboard/dashboard.go:1494.25,1495.71 1 0
github.com/fugue-labs/golem/internal/ui/dashboard/dashboard.go:1496.23,1497.79 1 0
github.com/fugue-labs/golem/internal/ui/dashboard/dashboard.go:1499.2,1499.16 1 1
github.com/fugue-labs/golem/internal/ui/dashboard/dashboard.go:1499.16,1501.3 1 1
github.com/fugue-labs/golem/internal/ui/dashboard/dashboard.go:1502.2,1502.14 1 1
github.com/fugue-labs/golem/internal/ui/dashboard/dashboard.go:1505.73,1506.24 1 2
github.com/fugue-labs/golem/internal/ui/dashboard/dashboard.go:1506.24,1508.3 1 0
github.com/fugue-labs/golem/internal/ui/dashboard/dashboard.go:1509.2,1509.16 1 2
github.com/fugue-labs/golem/internal/ui/dashboard/dashboard.go:1509.16,1511.3 1 0
github.com/fugue-labs/golem/internal/ui/dashboard/dashboard.go:1512.2,1514.39 3 2
github.com/fugue-labs/golem/internal/ui/dashboard/dashboard.go:1514.39,1516.41 2 6
github.com/fugue-labs/golem/internal/ui/dashboard/dashboard.go:1516.41,1518.12 2 6
github.com/fugue-labs/golem/internal/ui/dashboard/dashboard.go:1520.3,1521.20 2 0
github.com/fugue-labs/golem/internal/ui/dashboard/dashboard.go:1523.2,1524.14 2 2
github.com/fugue-labs/golem/internal/ui/dashboard/dashboard.go:1527.53,1528.16 1 12
github.com/fugue-labs/golem/internal/ui/dashboard/dashboard.go:1528.16,1530.3 1 0
github.com/fugue-labs/golem/internal/ui/dashboard/dashboard.go:1531.2,1532.21 2 12
github.com/fugue-labs/golem/internal/ui/dashboard/dashboard.go:1532.21,1534.3 1 0
github.com/fugue-labs/golem/internal/ui/dashboard/dashboard.go:1535.2,1537.33 3 12
github.com/fugue-labs/golem/internal/ui/dashboard/dashboard.go:1537.33,1539.41 2 160
github.com/fugue-labs/golem/internal/ui/dashboard/dashboard.go:1539.41,1541.12 2 153
github.com/fugue-labs/golem/internal/ui/dashboard/dashboard.go:1543.3,1544.17 2 7
github.com/fugue-labs/golem/internal/ui/dashboard/dashboard.go:1546.2,1547.14 2 12
github.com/fugue-labs/golem/internal/ui/dashboard/dashboard.go:1550.45,1551.16 1 1
github.com/fugue-labs/golem/internal/ui/dashboard/dashboard.go:1551.16,1553.3 1 0
github.com/fugue-labs/golem/internal/ui/dashboard/dashboard.go:1554.2,1554.40 1 1
github.com/fugue-labs/golem/internal/ui/dashboard/dashboard.go:1557.39,1558.16 1 4
github.com/fugue-labs/golem/internal/ui/dashboard/dashboard.go:1558.16,1560.3 1 0
github.com/fugue-labs/golem/internal/ui/dashboard/dashboard.go:1561.2,1562.95 2 4
github.com/fugue-labs/golem/internal/ui/dashboard/dashboard.go:1565.56,1566.11 1 9
github.com/fugue-labs/golem/internal/ui/dashboard/dashboard.go:1567.32,1568.26 1 0
github.com/fugue-labs/golem/internal/ui/dashboard/dashboard.go:1569.30,1570.31 1 8
github.com/fugue-labs/golem/internal/ui/dashboard/dashboard.go:1571.29,1572.15 1 0
github.com/fugue-labs/golem/internal/ui/dashboard/dashboard.go:1573.30,1574.28 1 0
github.com/fugue-labs/golem/internal/ui/dashboard/dashboard.go:1575.55,1576.26 1 0
github.com/fugue-labs/golem/internal/ui/dashboard/dashboard.go:1577.39,1578.15 1 1
github.com/fugue-labs/golem/internal/ui/dashboard/dashboard.go:1579.31,1580.28 1 0
github.com/fugue-labs/golem/internal/ui/dashboard/dashboard.go:1581.10,1582.27 1 0
github.com/fugue-labs/golem/internal/ui/dashboard/dashboard.go:1586.51,1587.11 1 7
github.com/fugue-labs/golem/internal/ui/dashboard/dashboard.go:1588.30,1589.11 1 1
github.com/fugue-labs/golem/internal/ui/dashboard/dashboard.go:1590.30,1591.11 1 1
github.com/fugue-labs/golem/internal/ui/dashboard/dashboard.go:1592.29,1593.11 1 1
github.com/fugue-labs/golem/internal/ui/dashboard/dashboard.go:1594.39,1595.11 1 1
github.com/fugue-labs/golem/internal/ui/dashboard/dashboard.go:1596.31,1597.11 1 1
github.com/fugue-labs/golem/internal/ui/dashboard/dashboard.go:1598.28,1599.11 1 1
github.com/fugue-labs/golem/internal/ui/dashboard/dashboard.go:1600.10,1601.11 1 1
github.com/fugue-labs/golem/internal/ui/dashboard/dashboard.go:1605.64,1606.11 1 4
github.com/fugue-labs/golem/internal/ui/dashboard/dashboard.go:1607.70,1608.58 1 0
github.com/fugue-labs/golem/internal/ui/dashboard/dashboard.go:1609.47,1610.64 1 0
github.com/fugue-labs/golem/internal/ui/dashboard/dashboard.go:1611.69,1612.58 1 0
github.com/fugue-labs/golem/internal/ui/dashboard/dashboard.go:1613.25,1614.61 1 1
github.com/fugue-labs/golem/internal/ui/dashboard/dashboard.go:1615.34,1616.48 1 0
github.com/fugue-labs/golem/internal/ui/dashboard/dashboard.go:1617.10,1618.57 1 3
github.com/fugue-labs/golem/internal/ui/dashboard/dashboard.go:1622.47,1623.14 1 4
github.com/fugue-labs/golem/internal/ui/dashboard/dashboard.go:1624.30,1625.16 1 1
github.com/fugue-labs/golem/internal/ui/dashboard/dashboard.go:1626.29,1627.15 1 2
github.com/fugue-labs/golem/internal/ui/dashboard/dashboard.go:1628.29,1629.15 1 1
github.com/fugue-labs/golem/internal/ui/dashboard/dashboard.go:1630.34,1631.15 1 0
github.com/fugue-labs/golem/internal/ui/dashboard/dashboard.go:1632.10,1633.13 1 0
github.com/fugue-labs/golem/internal/ui/dashboard/dashboard.go:1637.69,1639.2 1 4
github.com/fugue-labs/golem/internal/ui/dashboard/dashboard.go:1641.40,1642.15 1 5
github.com/fugue-labs/golem/internal/ui/dashboard/dashboard.go:1643.15,1644.15 1 1
github.com/fugue-labs/golem/internal/ui/dashboard/dashboard.go:1645.17,1646.15 1 2
github.com/fugue-labs/golem/internal/ui/dashboard/dashboard.go:1647.18,1648.15 1 1
github.com/fugue-labs/golem/internal/ui/dashboard/dashboard.go:1649.16,1650.15 1 1
github.com/fugue-labs/golem/internal/ui/dashboard/dashboard.go:1651.10,1652.17 1 0
github.com/fugue-labs/golem/internal/ui/dashboard/dashboard.go:1656.51,1657.11 1 4
github.com/fugue-labs/golem/internal/ui/dashboard/dashboard.go:1658.70,1659.16 1 0
github.com/fugue-labs/golem/internal/ui/dashboard/dashboard.go:1660.47,1661.15 1 0
github.com/fugue-labs/golem/internal/ui/dashboard/dashboard.go:1662.69,1663.17 1 0
github.com/fugue-labs/golem/internal/ui/dashboard/dashboard.go:1664.25,1665.17 1 1
github.com/fugue-labs/golem/internal/ui/dashboard/dashboard.go:1666.34,1667.18 1 0
github.com/fugue-labs/golem/internal/ui/dashboard/dashboard.go:1668.10,1669.16 1 3
github.com/fugue-labs/golem/internal/ui/dashboard/dashboard.go:1673.41,1675.9 2 2
github.com/fugue-labs/golem/internal/ui/dashboard/dashboard.go:1676.39,1677.15 1 0
github.com/fugue-labs/golem/internal/ui/dashboard/dashboard.go:1678.79,1679.15 1 1
github.com/fugue-labs/golem/internal/ui/dashboard/dashboard.go:1680.72,1681.15 1 0
github.com/fugue-labs/golem/internal/ui/dashboard/dashboard.go:1682.10,1683.15 1 1
github.com/fugue-labs/golem/internal/ui/dashboard/dashboard.go:1687.43,1689.16 2 56
github.com/fugue-labs/golem/internal/ui/dashboard/dashboard.go:1689.16,1691.3 1 6
github.com/fugue-labs/golem/internal/ui/dashboard/dashboard.go:1692.2,1692.41 1 50
